(1477, 841)
Training dataset: mobileinsight-all_benign_v3

================ K = 1 ==================

(1181, 841)
epoch:0/0 |Loss: 0.007865695282816887
epoch:1/0 |Loss: 0.002345888875424862
epoch:2/0 |Loss: 0.001992287114262581
epoch:3/0 |Loss: 0.001844019745476544
epoch:4/0 |Loss: 0.0014147297479212284
epoch:5/0 |Loss: 0.0015697615453973413
epoch:6/0 |Loss: 0.0014297686284407973
epoch:7/0 |Loss: 0.0016024557407945395
epoch:8/0 |Loss: 0.00140032498165965081
epoch:9/0 |Loss: 0.0014580306597054005
epoch:10/0 |Loss: 0.0011757072061300278
epoch:11/0 |Loss: 0.0007512700976803899
epoch:12/0 |Loss: 0.001104718423448503
epoch:13/0 |Loss: 0.0006355868536047637
epoch:14/0 |Loss: 0.0008721188642084599
epoch:15/0 |Loss: 0.0006335636135190725
epoch:16/0 |Loss: 0.0005357805057428777
epoch:17/0 |Loss: 0.00045555809629149735
epoch:18/0 |Loss: 0.0004777981375809759
epoch:19/0 |Loss: 0.00031790381763130426
epoch:20/0 |Loss: 0.0004457905888557434
epoch:21/0 |Loss: 0.0003452576056588441
epoch:22/0 |Loss: 0.00033599892049096525
epoch:23/0 |Loss: 0.000467562407720834
epoch:24/0 |Loss: 0.0002750378625933081
epoch:25/0 |Loss: 0.0002497373498044908
epoch:26/0 |Loss: 0.00031478190794587135
epoch:27/0 |Loss: 0.00027385246357880533
epoch:28/0 |Loss: 0.0002678788441698998
epoch:29/0 |Loss: 0.0003217009361833334
epoch:30/0 |Loss: 0.00015905570762697607
epoch:31/0 |Loss: 0.0002779961214400828
epoch:32/0 |Loss: 0.00021852640202268958
epoch:33/0 |Loss: 0.0001801181788323447
epoch:34/0 |Loss: 0.00014539240510202944
epoch:35/0 |Loss: 0.0001477227924624458
epoch:36/0 |Loss: 0.0003088653029408306
epoch:37/0 |Loss: 0.00014899729285389185
epoch:38/0 |Loss: 0.00015480865840800107
epoch:39/0 |Loss: 0.00018168000678997487
epoch:40/0 |Loss: 0.00018555829592514783
epoch:41/0 |Loss: 0.00012883236922789365
epoch:42/0 |Loss: 8.936116500990465e-05
epoch:43/0 |Loss: 7.181515684351325e-05
epoch:44/0 |Loss: 8.197040006052703e-05
epoch:45/0 |Loss: 0.00014647527132183313
epoch:46/0 |Loss: 0.0001382515620207414
epoch:47/0 |Loss: 0.0001288099738303572
epoch:48/0 |Loss: 0.0001463781954953447
epoch:49/0 |Loss: 0.0001580808311700821
epoch:50/0 |Loss: 0.00023411207075696439
epoch:51/0 |Loss: 6.051942546037026e-05
epoch:52/0 |Loss: 0.00014132905926089734
epoch:53/0 |Loss: 0.00021129421656951308
epoch:54/0 |Loss: 8.159627759596333e-05
epoch:55/0 |Loss: 0.00011068688763771206
epoch:56/0 |Loss: 8.894319034880027e-05
epoch:57/0 |Loss: 9.081598545890301e-05
epoch:58/0 |Loss: 4.359196827863343e-05
epoch:59/0 |Loss: 0.00012257970229256898
epoch:60/0 |Loss: 0.00012453259842004627
epoch:61/0 |Loss: 7.684953015996143e-05
epoch:62/0 |Loss: 9.94070724118501e-05
epoch:63/0 |Loss: 9.610948472982273e-05
epoch:64/0 |Loss: 0.00014074373757466674
epoch:65/0 |Loss: 0.00013067330291960388
epoch:66/0 |Loss: 9.019853314384818e-05
epoch:67/0 |Loss: 8.135378448059782e-05
epoch:68/0 |Loss: 0.00016931594291236252
epoch:69/0 |Loss: 0.00024394268984906375
epoch:70/0 |Loss: 0.00011245649511693045
epoch:71/0 |Loss: 0.00010558991198195145
epoch:72/0 |Loss: 9.484651673119515e-05
epoch:73/0 |Loss: 3.752647535293363e-05
epoch:74/0 |Loss: 0.00010882350034080446
epoch:75/0 |Loss: 7.346199708990753e-05
epoch:76/0 |Loss: 0.0001504058891441673
epoch:77/0 |Loss: 0.0001091608646675013
epoch:78/0 |Loss: 0.0001189392278320156
epoch:79/0 |Loss: 0.00011648433428490534
epoch:80/0 |Loss: 0.0001388894161209464
epoch:81/0 |Loss: 9.424047311767936e-05
epoch:82/0 |Loss: 9.597207827027887e-05
epoch:83/0 |Loss: 9.26267821341753e-05
epoch:84/0 |Loss: 7.813642150722444e-05
epoch:85/0 |Loss: 5.4843290854478255e-05
epoch:86/0 |Loss: 6.184962694533169e-05
epoch:87/0 |Loss: 7.236593228299171e-05
epoch:88/0 |Loss: 6.473305984400213e-05
epoch:89/0 |Loss: 4.508334313868545e-05
epoch:90/0 |Loss: 0.00011188384814886376
epoch:91/0 |Loss: 9.005816536955535e-05
epoch:92/0 |Loss: 0.00010332423698855564
epoch:93/0 |Loss: 9.461956506129354e-05
epoch:94/0 |Loss: 4.048104165121913e-05
epoch:95/0 |Loss: 8.335113670909777e-05
epoch:96/0 |Loss: 8.396542398259044e-05
epoch:97/0 |Loss: 2.7519870855030604e-05
epoch:98/0 |Loss: 1.9273451471235603e-05
epoch:99/0 |Loss: 0.00011857635399792343
epoch:100/0 |Loss: 6.23294326942414e-05
epoch:101/0 |Loss: 4.7980800445657223e-05
epoch:102/0 |Loss: 4.9518119340064004e-05
epoch:103/0 |Loss: 8.831380546325818e-05
epoch:104/0 |Loss: 9.273111209040508e-05
epoch:105/0 |Loss: 0.00010924106027232483
epoch:106/0 |Loss: 2.087933535221964e-05
epoch:107/0 |Loss: 6.459706492023543e-05
epoch:108/0 |Loss: 8.216538117267191e-05
epoch:109/0 |Loss: 8.565156167605892e-05
epoch:110/0 |Loss: 0.0001060881550074555
epoch:111/0 |Loss: 4.42783857579343e-05
epoch:112/0 |Loss: 6.222628144314513e-05
epoch:113/0 |Loss: 5.5025069741532207e-05
epoch:114/0 |Loss: 6.781032425351441e-05
epoch:115/0 |Loss: 5.668348239851184e-05
epoch:116/0 |Loss: 8.604159665992483e-05
epoch:117/0 |Loss: 6.547351949848235e-05
epoch:118/0 |Loss: 5.4070998885435984e-05
epoch:119/0 |Loss: 4.750600055558607e-05
epoch:120/0 |Loss: 7.361613097600639e-05
epoch:121/0 |Loss: 4.768596772919409e-05
epoch:122/0 |Loss: 4.121545498492196e-05
epoch:123/0 |Loss: 3.731523975147866e-05
epoch:124/0 |Loss: 6.075446435716003e-05
epoch:125/0 |Loss: 7.753172394586727e-05
epoch:126/0 |Loss: 4.744702891912311e-05
epoch:127/0 |Loss: 2.7823134587379172e-05
epoch:128/0 |Loss: 4.529863508651033e-05
epoch:129/0 |Loss: 4.0849699871614575e-05
epoch:130/0 |Loss: 3.6826841096626595e-05
epoch:131/0 |Loss: 5.0047674449160695e-05
epoch:132/0 |Loss: 5.360318027669564e-05
epoch:133/0 |Loss: 4.669815461966209e-05
epoch:134/0 |Loss: 3.107301745330915e-05
epoch:135/0 |Loss: 4.562810863717459e-05
epoch:136/0 |Loss: 6.405806198017672e-05
epoch:137/0 |Loss: 4.206429002806544e-05
epoch:138/0 |Loss: 7.46562727726996e-05
epoch:139/0 |Loss: 5.2426363254198804e-05
epoch:140/0 |Loss: 7.688597543165088e-05
epoch:141/0 |Loss: 5.159851207281463e-05
epoch:142/0 |Loss: 5.749876072513871e-05
epoch:143/0 |Loss: 5.465399590320885e-05
epoch:144/0 |Loss: 4.0981718484545127e-05
epoch:145/0 |Loss: 0.0001205146181746386
epoch:146/0 |Loss: 4.4474872993305326e-05
epoch:147/0 |Loss: 7.779024599585682e-05
epoch:148/0 |Loss: 3.712060788529925e-05
epoch:149/0 |Loss: 1.7808979464462027e-05
epoch:150/0 |Loss: 4.9897840654011816e-05
epoch:151/0 |Loss: 5.795896868221462e-05
epoch:152/0 |Loss: 3.619858034653589e-05
epoch:153/0 |Loss: 3.252238093409687e-05
epoch:154/0 |Loss: 6.450047658290714e-05
epoch:155/0 |Loss: 0.00010229073086520657
epoch:156/0 |Loss: 8.732158312341198e-05
epoch:157/0 |Loss: 6.485861376859248e-05
epoch:158/0 |Loss: 2.7295129257254303e-05
epoch:159/0 |Loss: 3.44691397913266e-05
epoch:160/0 |Loss: 4.214165164739825e-05
epoch:161/0 |Loss: 1.5020018508948851e-05
epoch:162/0 |Loss: 7.563547842437401e-05
epoch:163/0 |Loss: 5.2024886826984584e-05
epoch:164/0 |Loss: 5.6968972785398364e-05
epoch:165/0 |Loss: 2.8162590751890093e-05
epoch:166/0 |Loss: 6.294892955338582e-05
epoch:167/0 |Loss: 4.9479414883535355e-05
epoch:168/0 |Loss: 5.060130206402391e-05
epoch:169/0 |Loss: 3.471425225143321e-05
epoch:170/0 |Loss: 6.988742097746581e-05
epoch:171/0 |Loss: 2.8746673706336878e-05
epoch:172/0 |Loss: 3.38525278493762e-05
epoch:173/0 |Loss: 4.220288974465802e-05
epoch:174/0 |Loss: 3.967540760640986e-05
epoch:175/0 |Loss: 2.531433528929483e-05
epoch:176/0 |Loss: 2.144179234164767e-05
epoch:177/0 |Loss: 5.1141199946869165e-05
epoch:178/0 |Loss: 2.9578155590570532e-05
epoch:179/0 |Loss: 3.3843105484265834e-05
epoch:180/0 |Loss: 5.648107253364287e-05
epoch:181/0 |Loss: 3.126947194687091e-05
epoch:182/0 |Loss: 4.2000818211818114e-05
epoch:183/0 |Loss: 2.9807448299834505e-05
epoch:184/0 |Loss: 4.613952842191793e-05
epoch:185/0 |Loss: 1.4170517715683673e-05
epoch:186/0 |Loss: 2.6224406610708684e-05
epoch:187/0 |Loss: 2.436114300508052e-05
epoch:188/0 |Loss: 3.712382022058591e-05
epoch:189/0 |Loss: 3.329236642457545e-05
epoch:190/0 |Loss: 3.0068946216488257e-05
epoch:191/0 |Loss: 3.650409780675545e-05
epoch:192/0 |Loss: 4.2565548938000575e-05
epoch:193/0 |Loss: 6.11634022789076e-05
epoch:194/0 |Loss: 7.787643698975444e-05
epoch:195/0 |Loss: 6.17867408436723e-05
epoch:196/0 |Loss: 0.00011687786900438368
epoch:197/0 |Loss: 0.0001485419343225658
epoch:198/0 |Loss: 3.467583883320913e-05
epoch:199/0 |Loss: 2.718836003623437e-05
epoch:200/0 |Loss: 4.958569843438454e-05
epoch:201/0 |Loss: 6.540425238199532e-05
epoch:202/0 |Loss: 3.937924338970333e-05
epoch:203/0 |Loss: 4.569592056213878e-05
epoch:204/0 |Loss: 2.786650657071732e-05
epoch:205/0 |Loss: 6.871085497550666e-05
epoch:206/0 |Loss: 3.1609419238520786e-05
epoch:207/0 |Loss: 2.944584412034601e-05
epoch:208/0 |Loss: 2.6682195311877877e-05
epoch:209/0 |Loss: 2.4007511456147768e-05
epoch:210/0 |Loss: 4.3399497371865436e-05
epoch:211/0 |Loss: 1.3119968571118079e-05
epoch:212/0 |Loss: 3.382342401891947e-05
epoch:213/0 |Loss: 3.098361048614606e-05
epoch:214/0 |Loss: 1.1309903129586019e-05
epoch:215/0 |Loss: 3.125145303783938e-05
epoch:216/0 |Loss: 5.487480666488409e-05
epoch:217/0 |Loss: 3.636055771494284e-05
epoch:218/0 |Loss: 6.357180973282084e-05
epoch:219/0 |Loss: 2.8425767595763318e-05
epoch:220/0 |Loss: 1.8348002413404174e-05
epoch:221/0 |Loss: 4.390141839394346e-05
epoch:222/0 |Loss: 2.06049153348431e-05
epoch:223/0 |Loss: 1.586056714586448e-05
epoch:224/0 |Loss: 1.8309188817511313e-05
epoch:225/0 |Loss: 3.2144955184776336e-05
epoch:226/0 |Loss: 2.6593857910484076e-05
epoch:227/0 |Loss: 4.063112282892689e-05
epoch:228/0 |Loss: 2.0325047444202937e-05
epoch:229/0 |Loss: 2.376616066612769e-05
epoch:230/0 |Loss: 2.2285059458226897e-05
epoch:231/0 |Loss: 2.8384602046571672e-05
epoch:232/0 |Loss: 3.32371455442626e-05
epoch:233/0 |Loss: 2.3992535716388375e-05
epoch:234/0 |Loss: 2.759811468422413e-05
epoch:235/0 |Loss: 2.7606709409155883e-05
epoch:236/0 |Loss: 3.8492278690682724e-05
epoch:237/0 |Loss: 3.0347884603543207e-05
epoch:238/0 |Loss: 1.9180020899511874e-05
epoch:239/0 |Loss: 4.505121978581883e-05
epoch:240/0 |Loss: 3.978193490183912e-05
epoch:241/0 |Loss: 3.402290531084873e-05
epoch:242/0 |Loss: 4.832335980609059e-05
epoch:243/0 |Loss: 4.1686591430334374e-05
epoch:244/0 |Loss: 3.1756102544022724e-05
epoch:245/0 |Loss: 2.3509883249062113e-05
epoch:246/0 |Loss: 3.8021615182515234e-05
epoch:247/0 |Loss: 2.715353730309289e-05
epoch:248/0 |Loss: 2.4494387616869062e-05
epoch:249/0 |Loss: 2.43085505644558e-05
epoch:250/0 |Loss: 2.393117938481737e-05
epoch:251/0 |Loss: 2.731893619056791e-05
epoch:252/0 |Loss: 4.239502231939696e-05
epoch:253/0 |Loss: 3.0429140679189004e-05
epoch:254/0 |Loss: 2.8850112357758917e-05
epoch:255/0 |Loss: 1.300953772442881e-05
epoch:256/0 |Loss: 1.777617580955848e-05
epoch:257/0 |Loss: 1.9330849681864493e-05
epoch:258/0 |Loss: 1.009031620924361e-05
epoch:259/0 |Loss: 4.0057693695416674e-05
epoch:260/0 |Loss: 1.2269767466932535e-05
epoch:261/0 |Loss: 4.696931500802748e-05
epoch:262/0 |Loss: 3.0151890314300545e-05
epoch:263/0 |Loss: 1.7507903976365924e-05
epoch:264/0 |Loss: 2.8846330678788945e-05
epoch:265/0 |Loss: 3.224805914214812e-05
epoch:266/0 |Loss: 2.83868739643367e-05
epoch:267/0 |Loss: 4.393281415104866e-05
epoch:268/0 |Loss: 4.128389264224097e-05
epoch:269/0 |Loss: 2.8983622542000376e-05
epoch:270/0 |Loss: 2.495610351616051e-05
epoch:271/0 |Loss: 3.21304178214632e-05
epoch:272/0 |Loss: 2.8443937480915338e-05
epoch:273/0 |Loss: 3.7349967897171155e-05
epoch:274/0 |Loss: 2.3529624741058797e-05
epoch:275/0 |Loss: 1.6027370293159038e-05
epoch:276/0 |Loss: 2.9343065762077458e-05
epoch:277/0 |Loss: 2.83627123280894e-05
epoch:278/0 |Loss: 3.134861617581919e-05
epoch:279/0 |Loss: 4.639733015210368e-05
epoch:280/0 |Loss: 3.188801201758906e-05
epoch:281/0 |Loss: 1.2200534001749475e-05
epoch:282/0 |Loss: 3.4006570786004886e-05
epoch:283/0 |Loss: 2.1289175492711365e-05
epoch:284/0 |Loss: 5.454956408357248e-05
epoch:285/0 |Loss: 3.381121496204287e-05
epoch:286/0 |Loss: 3.2645228202454746e-05
epoch:287/0 |Loss: 3.522288170643151e-05
epoch:288/0 |Loss: 2.8257001758902334e-05
epoch:289/0 |Loss: 3.89904816984199e-05
epoch:290/0 |Loss: 3.9708014810457826e-05
epoch:291/0 |Loss: 4.521088339970447e-05
epoch:292/0 |Loss: 6.766608566977084e-05
epoch:293/0 |Loss: 3.757388185476884e-05
epoch:294/0 |Loss: 3.663451934698969e-05
epoch:295/0 |Loss: 3.834764356724918e-05
epoch:296/0 |Loss: 3.4501965274102986e-05
epoch:297/0 |Loss: 1.567630715726409e-05
epoch:298/0 |Loss: 3.795370503212325e-05
epoch:299/0 |Loss: 4.080756480107084e-05
max AD score 0.046327326
thres: 0.046327326
Dataset: mobileinsight_benign_v3	Accuracy: 0.993243
Dataset: phoenix_abnormal_v3	Accuracy: 0.871795
Dataset: 5g-spector_abnormal_v3	Accuracy: 0.933333
Dataset: 5g-spector_benign_v3	Accuracy: 1.000000

================ K = 2 ==================

(1181, 841)
epoch:0/0 |Loss: 0.007818588986992836
epoch:1/0 |Loss: 0.0026120340917259455
epoch:2/0 |Loss: 0.00207531382329762
epoch:3/0 |Loss: 0.0015722074313089252
epoch:4/0 |Loss: 0.001735227182507515
epoch:5/0 |Loss: 0.0013831686228513718
epoch:6/0 |Loss: 0.0012588707031682134
epoch:7/0 |Loss: 0.0009439127752557397
epoch:8/0 |Loss: 0.0012096705613657832
epoch:9/0 |Loss: 0.0012178713222965598
epoch:10/0 |Loss: 0.0010412555420771241
epoch:11/0 |Loss: 0.0009139163885265589
epoch:12/0 |Loss: 0.0009817825630307198
epoch:13/0 |Loss: 0.0007660679402761161
epoch:14/0 |Loss: 0.0008665910572744906
epoch:15/0 |Loss: 0.00070848228642717
epoch:16/0 |Loss: 0.0007575682830065489
epoch:17/0 |Loss: 0.0005292417481541634
epoch:18/0 |Loss: 0.0007587092695757747
epoch:19/0 |Loss: 0.0003888214414473623
epoch:20/0 |Loss: 0.0004961431259289384
epoch:21/0 |Loss: 0.0004898556508123875
epoch:22/0 |Loss: 0.0004105665720999241
epoch:23/0 |Loss: 0.00041998218512162566
epoch:24/0 |Loss: 0.0003521535254549235
epoch:25/0 |Loss: 0.0004350482195150107
epoch:26/0 |Loss: 0.0003134021535515785
epoch:27/0 |Loss: 0.0002432620822219178
epoch:28/0 |Loss: 0.0002889863681048155
epoch:29/0 |Loss: 0.0001584008859936148
epoch:30/0 |Loss: 0.00042677740566432476
epoch:31/0 |Loss: 0.0002769908751361072
epoch:32/0 |Loss: 0.0002448192972224206
epoch:33/0 |Loss: 0.00039092605584301054
epoch:34/0 |Loss: 0.00031181631493382156
epoch:35/0 |Loss: 0.0001657957473071292
epoch:36/0 |Loss: 0.0001522143866168335
epoch:37/0 |Loss: 0.00020370907441247255
epoch:38/0 |Loss: 0.00014391701552085578
epoch:39/0 |Loss: 0.0002735497837420553
epoch:40/0 |Loss: 0.0002857593644876033
epoch:41/0 |Loss: 0.00019073385919909924
epoch:42/0 |Loss: 0.0002457958471495658
epoch:43/0 |Loss: 0.00023294064158108085
epoch:44/0 |Loss: 0.00017842513625510037
epoch:45/0 |Loss: 0.00024722985108383
epoch:46/0 |Loss: 0.00012523501936811954
epoch:47/0 |Loss: 0.00019340192375238985
epoch:48/0 |Loss: 0.0002027262089541182
epoch:49/0 |Loss: 0.0002454058558214456
epoch:50/0 |Loss: 0.0001630072802072391
epoch:51/0 |Loss: 0.0002005035785259679
epoch:52/0 |Loss: 0.00018695664766710252
epoch:53/0 |Loss: 0.0001136897481046617
epoch:54/0 |Loss: 9.861803846433759e-05
epoch:55/0 |Loss: 0.00010784874757518992
epoch:56/0 |Loss: 0.00017950506298802793
epoch:57/0 |Loss: 0.00011603930761339143
epoch:58/0 |Loss: 0.00021486113837454468
epoch:59/0 |Loss: 0.00014317460590973496
epoch:60/0 |Loss: 0.00017472368199378252
epoch:61/0 |Loss: 0.00025745140737853944
epoch:62/0 |Loss: 0.0002521333808545023
epoch:63/0 |Loss: 0.0003186772228218615
epoch:64/0 |Loss: 0.00011864734551636502
epoch:65/0 |Loss: 0.00011128908226964995
epoch:66/0 |Loss: 0.0001750618393998593
epoch:67/0 |Loss: 0.0001096821142709814
epoch:68/0 |Loss: 0.00012353280908428133
epoch:69/0 |Loss: 0.00014319148613139987
epoch:70/0 |Loss: 9.460327419219539e-05
epoch:71/0 |Loss: 7.438875763909891e-05
epoch:72/0 |Loss: 0.00012788143067155033
epoch:73/0 |Loss: 5.174002581043169e-05
epoch:74/0 |Loss: 0.0001715968974167481
epoch:75/0 |Loss: 0.0001301276934100315
epoch:76/0 |Loss: 9.936485002981499e-05
epoch:77/0 |Loss: 0.00023530404723715037
epoch:78/0 |Loss: 0.00013685741578228772
epoch:79/0 |Loss: 9.168138058157638e-05
epoch:80/0 |Loss: 8.707003871677443e-05
epoch:81/0 |Loss: 0.0001027655671350658
epoch:82/0 |Loss: 7.853156421333551e-05
epoch:83/0 |Loss: 0.00015047866327222437
epoch:84/0 |Loss: 0.00016593321925029159
epoch:85/0 |Loss: 5.435298226075247e-05
epoch:86/0 |Loss: 9.095187851926312e-05
epoch:87/0 |Loss: 7.993804319994524e-05
epoch:88/0 |Loss: 9.960438183043152e-05
epoch:89/0 |Loss: 8.711647387826815e-05
epoch:90/0 |Loss: 0.00013564570690505207
epoch:91/0 |Loss: 0.00013417536683846265
epoch:92/0 |Loss: 5.9317811974324286e-05
epoch:93/0 |Loss: 8.121421706164256e-05
epoch:94/0 |Loss: 7.42453194106929e-05
epoch:95/0 |Loss: 5.782754669780843e-05
epoch:96/0 |Loss: 5.997556581860408e-05
epoch:97/0 |Loss: 0.0001072304803528823
epoch:98/0 |Loss: 6.215479515958577e-05
epoch:99/0 |Loss: 6.212205335032195e-05
epoch:100/0 |Loss: 0.00010350105003453791
epoch:101/0 |Loss: 7.121518137864769e-05
epoch:102/0 |Loss: 0.00017485801072325557
epoch:103/0 |Loss: 7.46874138712883e-05
epoch:104/0 |Loss: 9.278725337935612e-05
epoch:105/0 |Loss: 7.379891030723229e-05
epoch:106/0 |Loss: 7.93238214100711e-05
epoch:107/0 |Loss: 3.177297185175121e-05
epoch:108/0 |Loss: 4.763188917422667e-05
epoch:109/0 |Loss: 0.00011597057164181024
epoch:110/0 |Loss: 7.748610369162634e-05
epoch:111/0 |Loss: 3.6154408007860184e-05
epoch:112/0 |Loss: 0.00010370324162067845
epoch:113/0 |Loss: 5.3721796575700864e-05
epoch:114/0 |Loss: 0.0001283546444028616
epoch:115/0 |Loss: 0.0001279830321436748
epoch:116/0 |Loss: 0.00010702175495680422
epoch:117/0 |Loss: 4.6916142309783027e-05
epoch:118/0 |Loss: 9.725116251502186e-05
epoch:119/0 |Loss: 9.590057743480429e-05
epoch:120/0 |Loss: 7.66599623602815e-05
epoch:121/0 |Loss: 7.441508932970464e-05
epoch:122/0 |Loss: 3.105598079855554e-05
epoch:123/0 |Loss: 0.00011518178507685661
epoch:124/0 |Loss: 4.776016066898592e-05
epoch:125/0 |Loss: 6.019780630595051e-05
epoch:126/0 |Loss: 3.2547271985094994e-05
epoch:127/0 |Loss: 7.14675261406228e-05
epoch:128/0 |Loss: 8.757301839068532e-05
epoch:129/0 |Loss: 0.00010084040695801377
epoch:130/0 |Loss: 5.506426532519981e-05
epoch:131/0 |Loss: 3.883799945469946e-05
epoch:132/0 |Loss: 3.189028211636469e-05
epoch:133/0 |Loss: 6.811312050558627e-05
epoch:134/0 |Loss: 0.0001305401383433491
epoch:135/0 |Loss: 0.00011782038200180978
epoch:136/0 |Loss: 4.2370735172880813e-05
epoch:137/0 |Loss: 6.215523171704262e-05
epoch:138/0 |Loss: 4.989445733372122e-05
epoch:139/0 |Loss: 4.766156052937731e-05
epoch:140/0 |Loss: 7.995133637450635e-05
epoch:141/0 |Loss: 8.10343844932504e-05
epoch:142/0 |Loss: 6.306479190243408e-05
epoch:143/0 |Loss: 9.11569659365341e-05
epoch:144/0 |Loss: 0.00010243029828416184
epoch:145/0 |Loss: 9.983965719584376e-05
epoch:146/0 |Loss: 4.548019205685705e-05
epoch:147/0 |Loss: 6.958012818358839e-05
epoch:148/0 |Loss: 5.847563443239778e-05
epoch:149/0 |Loss: 7.403941708616912e-05
epoch:150/0 |Loss: 7.324902981054038e-05
epoch:151/0 |Loss: 3.8241159927565604e-05
epoch:152/0 |Loss: 6.446909537771717e-05
epoch:153/0 |Loss: 4.765672201756388e-05
epoch:154/0 |Loss: 8.427116699749604e-05
epoch:155/0 |Loss: 3.73539405700285e-05
epoch:156/0 |Loss: 9.067770588444546e-05
epoch:157/0 |Loss: 5.800677536171861e-05
epoch:158/0 |Loss: 9.433510422240943e-05
epoch:159/0 |Loss: 7.083695527398959e-05
epoch:160/0 |Loss: 7.517843187088147e-05
epoch:161/0 |Loss: 4.9834972742246464e-05
epoch:162/0 |Loss: 0.00011122006253572181
epoch:163/0 |Loss: 7.868411194067448e-05
epoch:164/0 |Loss: 0.00010888157703448087
epoch:165/0 |Loss: 5.412385144154541e-05
epoch:166/0 |Loss: 6.157772440928966e-05
epoch:167/0 |Loss: 8.749969128984958e-05
epoch:168/0 |Loss: 7.779471343383193e-05
epoch:169/0 |Loss: 0.00010345599002903327
epoch:170/0 |Loss: 0.00010089753777720034
epoch:171/0 |Loss: 4.3938674934906885e-05
epoch:172/0 |Loss: 6.591501733055338e-05
epoch:173/0 |Loss: 4.8500747652724385e-05
epoch:174/0 |Loss: 9.659335773903877e-05
epoch:175/0 |Loss: 5.417890497483313e-05
epoch:176/0 |Loss: 6.168072286527604e-05
epoch:177/0 |Loss: 5.78921171836555e-05
epoch:178/0 |Loss: 5.950334889348596e-05
epoch:179/0 |Loss: 7.22678960300982e-05
epoch:180/0 |Loss: 4.754382825922221e-05
epoch:181/0 |Loss: 5.81566673645284e-05
epoch:182/0 |Loss: 4.3001011363230646e-05
epoch:183/0 |Loss: 6.426800973713398e-05
epoch:184/0 |Loss: 2.3057042199070565e-05
epoch:185/0 |Loss: 5.844431143486872e-05
epoch:186/0 |Loss: 8.562394941691309e-05
epoch:187/0 |Loss: 3.382556315045804e-05
epoch:188/0 |Loss: 8.198965952033177e-05
epoch:189/0 |Loss: 0.0001009809275274165
epoch:190/0 |Loss: 4.8492729547433555e-05
epoch:191/0 |Loss: 4.5547785703092813e-05
epoch:192/0 |Loss: 4.655800512409769e-05
epoch:193/0 |Loss: 5.437881191028282e-05
epoch:194/0 |Loss: 2.986299841722939e-05
epoch:195/0 |Loss: 5.530146154342219e-05
epoch:196/0 |Loss: 4.527644341578707e-05
epoch:197/0 |Loss: 4.133329639444128e-05
epoch:198/0 |Loss: 2.2106727556092665e-05
epoch:199/0 |Loss: 6.184176163515076e-05
epoch:200/0 |Loss: 5.3462157666217536e-05
epoch:201/0 |Loss: 3.849079803330824e-05
epoch:202/0 |Loss: 6.991336704231799e-05
epoch:203/0 |Loss: 5.729527401854284e-05
epoch:204/0 |Loss: 3.8653306546621025e-05
epoch:205/0 |Loss: 8.728346438147128e-05
epoch:206/0 |Loss: 5.972930375719443e-05
epoch:207/0 |Loss: 0.00010970381845254451
epoch:208/0 |Loss: 5.4457126680063084e-05
epoch:209/0 |Loss: 3.770203693420626e-05
epoch:210/0 |Loss: 8.479305688524619e-05
epoch:211/0 |Loss: 4.688078843173571e-05
epoch:212/0 |Loss: 4.101347803953104e-05
epoch:213/0 |Loss: 4.8494279326405376e-05
epoch:214/0 |Loss: 3.804866355494596e-05
epoch:215/0 |Loss: 0.00010614672646624967
epoch:216/0 |Loss: 0.00010092430602526292
epoch:217/0 |Loss: 4.2219147871946916e-05
epoch:218/0 |Loss: 4.665811502491124e-05
epoch:219/0 |Loss: 2.563401903898921e-05
epoch:220/0 |Loss: 6.311394099611789e-05
epoch:221/0 |Loss: 2.1294834368745796e-05
epoch:222/0 |Loss: 2.5400411686860025e-05
epoch:223/0 |Loss: 3.085468051722273e-05
epoch:224/0 |Loss: 3.453812678344548e-05
epoch:225/0 |Loss: 5.4957021347945556e-05
epoch:226/0 |Loss: 6.706244312226772e-05
epoch:227/0 |Loss: 4.6782060962868854e-05
epoch:228/0 |Loss: 5.9718076954595745e-05
epoch:229/0 |Loss: 6.694872718071565e-05
epoch:230/0 |Loss: 3.612503132899292e-05
epoch:231/0 |Loss: 0.00011073032510466874
epoch:232/0 |Loss: 8.54722602525726e-05
epoch:233/0 |Loss: 9.63545244303532e-05
epoch:234/0 |Loss: 7.42399861337617e-05
epoch:235/0 |Loss: 6.588529504369944e-05
epoch:236/0 |Loss: 3.0356455681612715e-05
epoch:237/0 |Loss: 3.4771484934026375e-05
epoch:238/0 |Loss: 5.000441524316557e-05
epoch:239/0 |Loss: 6.271810707403347e-05
epoch:240/0 |Loss: 3.8786703953519464e-05
epoch:241/0 |Loss: 2.90360112558119e-05
epoch:242/0 |Loss: 1.911940853460692e-05
epoch:243/0 |Loss: 5.067098391009495e-05
epoch:244/0 |Loss: 4.2246545490343124e-05
epoch:245/0 |Loss: 6.290036253631115e-05
epoch:246/0 |Loss: 3.587828905438073e-05
epoch:247/0 |Loss: 4.746975173475221e-05
epoch:248/0 |Loss: 2.9351082048378885e-05
epoch:249/0 |Loss: 4.086755507159978e-05
epoch:250/0 |Loss: 6.994722207309678e-05
epoch:251/0 |Loss: 5.249475361779332e-05
epoch:252/0 |Loss: 3.1437921279575676e-05
epoch:253/0 |Loss: 4.4720010919263586e-05
epoch:254/0 |Loss: 3.865316466544755e-05
epoch:255/0 |Loss: 2.372235212533269e-05
epoch:256/0 |Loss: 2.247173324576579e-05
epoch:257/0 |Loss: 6.240922812139615e-05
epoch:258/0 |Loss: 4.263136361259967e-05
epoch:259/0 |Loss: 0.00023944393615238369
epoch:260/0 |Loss: 0.0003790606278926134
epoch:261/0 |Loss: 0.000123792007798329
epoch:262/0 |Loss: 0.00017037832003552467
epoch:263/0 |Loss: 0.0001342437753919512
epoch:264/0 |Loss: 7.336386624956504e-05
epoch:265/0 |Loss: 4.761926538776606e-05
epoch:266/0 |Loss: 7.120372174540535e-05
epoch:267/0 |Loss: 4.001380875706673e-05
epoch:268/0 |Loss: 7.02763645676896e-05
epoch:269/0 |Loss: 3.296779323136434e-05
epoch:270/0 |Loss: 6.225158722372726e-05
epoch:271/0 |Loss: 6.746574945282191e-05
epoch:272/0 |Loss: 1.58391339937225e-05
epoch:273/0 |Loss: 1.1768079275498167e-05
epoch:274/0 |Loss: 6.67781350784935e-05
epoch:275/0 |Loss: 4.0616632759338245e-05
epoch:276/0 |Loss: 5.536724711419083e-05
epoch:277/0 |Loss: 7.031897985143587e-05
epoch:278/0 |Loss: 3.310389001853764e-05
epoch:279/0 |Loss: 2.060182305285707e-05
epoch:280/0 |Loss: 7.424994691973552e-05
epoch:281/0 |Loss: 6.543119525304064e-05
epoch:282/0 |Loss: 5.4363481467589736e-05
epoch:283/0 |Loss: 3.470820593065582e-05
epoch:284/0 |Loss: 3.602628567023203e-05
epoch:285/0 |Loss: 2.675163523235824e-05
epoch:286/0 |Loss: 3.156237653456628e-05
epoch:287/0 |Loss: 2.3509166567237116e-05
epoch:288/0 |Loss: 6.408627814380452e-05
epoch:289/0 |Loss: 4.1539660742273554e-05
epoch:290/0 |Loss: 2.9797251045238227e-05
epoch:291/0 |Loss: 3.2927393476711586e-05
epoch:292/0 |Loss: 3.989963443018496e-05
epoch:293/0 |Loss: 2.6698144210968167e-05
epoch:294/0 |Loss: 8.178046118700877e-05
epoch:295/0 |Loss: 8.0067191447597e-05
epoch:296/0 |Loss: 9.07963840290904e-05
epoch:297/0 |Loss: 4.018494291813113e-05
epoch:298/0 |Loss: 4.5774733735015616e-05
epoch:299/0 |Loss: 7.076307520037517e-05
max AD score 0.051240996
thres: 0.051240996
Dataset: mobileinsight_benign_v3	Accuracy: 0.993243
Dataset: phoenix_abnormal_v3	Accuracy: 0.871795
Dataset: 5g-spector_abnormal_v3	Accuracy: 0.933333
Dataset: 5g-spector_benign_v3	Accuracy: 1.000000

================ K = 3 ==================

(1182, 841)
epoch:0/0 |Loss: 0.006380654405802488
epoch:1/0 |Loss: 0.002698438009247184
epoch:2/0 |Loss: 0.0021323112305253744
epoch:3/0 |Loss: 0.001827321364544332
epoch:4/0 |Loss: 0.0016258370596915483
epoch:5/0 |Loss: 0.0016353509854525328
epoch:6/0 |Loss: 0.0015806069131940603
epoch:7/0 |Loss: 0.0013986292760819197
epoch:8/0 |Loss: 0.0013951400760561228
epoch:9/0 |Loss: 0.0012688699644058943
epoch:10/0 |Loss: 0.001162047148682177
epoch:11/0 |Loss: 0.0008416951168328524
epoch:12/0 |Loss: 0.0008036343497224152
epoch:13/0 |Loss: 0.0006960233440622687
epoch:14/0 |Loss: 0.0006281346431933343
epoch:15/0 |Loss: 0.00050924631068483
epoch:16/0 |Loss: 0.0006141505436971784
epoch:17/0 |Loss: 0.00039978677523322403
epoch:18/0 |Loss: 0.0007657845853827894
epoch:19/0 |Loss: 0.0004127408901695162
epoch:20/0 |Loss: 0.0005299340700730681
epoch:21/0 |Loss: 0.000499728717841208
epoch:22/0 |Loss: 0.00027108166250400245
epoch:23/0 |Loss: 0.00035037778434343636
epoch:24/0 |Loss: 0.00030883419094607234
epoch:25/0 |Loss: 0.0003418291744310409
epoch:26/0 |Loss: 0.0003300652897451073
epoch:27/0 |Loss: 0.00022088456898927689
epoch:28/0 |Loss: 0.00041234694072045386
epoch:29/0 |Loss: 0.0002946853346657008
epoch:30/0 |Loss: 0.00029016993357799947
epoch:31/0 |Loss: 0.0001830951514421031
epoch:32/0 |Loss: 0.00030631222762167454
epoch:33/0 |Loss: 0.00034963389043696225
epoch:34/0 |Loss: 0.00023025299014989287
epoch:35/0 |Loss: 0.00017212591774296016
epoch:36/0 |Loss: 0.00047274737153202295
epoch:37/0 |Loss: 0.0003758892125915736
epoch:38/0 |Loss: 0.00023643160238862038
epoch:39/0 |Loss: 0.00031127603142522275
epoch:40/0 |Loss: 0.00020669250807259232
epoch:41/0 |Loss: 0.00018589514365885407
epoch:42/0 |Loss: 0.00022989125864114612
epoch:43/0 |Loss: 0.00023639733262825757
epoch:44/0 |Loss: 0.00018142309272661805
epoch:45/0 |Loss: 0.0002143426245311275
epoch:46/0 |Loss: 0.0002474559878464788
epoch:47/0 |Loss: 0.00032149479375220835
epoch:48/0 |Loss: 0.00044016828178428113
epoch:49/0 |Loss: 0.00037226881249807775
epoch:50/0 |Loss: 0.000319998332997784
epoch:51/0 |Loss: 0.0002868406882043928
epoch:52/0 |Loss: 0.00018404780712444335
epoch:53/0 |Loss: 0.0001580747775733471
epoch:54/0 |Loss: 0.0003513842530082911
epoch:55/0 |Loss: 0.00019365959451533854
epoch:56/0 |Loss: 0.00017517537344247103
epoch:57/0 |Loss: 0.00020960952679160982
epoch:58/0 |Loss: 0.00018687752890400589
epoch:59/0 |Loss: 0.00012152980343671516
epoch:60/0 |Loss: 0.00019131570297759026
epoch:61/0 |Loss: 0.0001772483519744128
epoch:62/0 |Loss: 0.0001285015605390072
epoch:63/0 |Loss: 0.00023144306032918394
epoch:64/0 |Loss: 0.00010275378008373082
epoch:65/0 |Loss: 0.00022265722509473562
epoch:66/0 |Loss: 0.0001353214174741879
epoch:67/0 |Loss: 0.00017716846195980906
epoch:68/0 |Loss: 0.00018445331079419702
epoch:69/0 |Loss: 0.00014018252841196954
epoch:70/0 |Loss: 0.00018960148736368865
epoch:71/0 |Loss: 0.00022604157857131213
epoch:72/0 |Loss: 0.00013466898235492408
epoch:73/0 |Loss: 0.00010039798507932574
epoch:74/0 |Loss: 0.00010625948925735429
epoch:75/0 |Loss: 7.947938865981996e-05
epoch:76/0 |Loss: 0.00010697493416955695
epoch:77/0 |Loss: 0.0001430099073331803
epoch:78/0 |Loss: 6.530454265885055e-05
epoch:79/0 |Loss: 0.00012434138625394553
epoch:80/0 |Loss: 0.00011126710887765512
epoch:81/0 |Loss: 0.00011450174497440457
epoch:82/0 |Loss: 0.00015134159184526652
epoch:83/0 |Loss: 0.00014645357441622764
epoch:84/0 |Loss: 0.00014623011520598084
epoch:85/0 |Loss: 0.00025234962231479585
epoch:86/0 |Loss: 0.00011205969349248335
epoch:87/0 |Loss: 0.00011839310900541022
epoch:88/0 |Loss: 0.00011884546984219924
epoch:89/0 |Loss: 0.00022642982366960496
epoch:90/0 |Loss: 4.638615428120829e-05
epoch:91/0 |Loss: 0.0001618754176888615
epoch:92/0 |Loss: 8.838556095724925e-05
epoch:93/0 |Loss: 0.00012869473721366376
epoch:94/0 |Loss: 6.389412737917155e-05
epoch:95/0 |Loss: 0.00012892317317891866
epoch:96/0 |Loss: 0.00015053663810249418
epoch:97/0 |Loss: 0.00019002630142495036
epoch:98/0 |Loss: 8.027996227610856e-05
epoch:99/0 |Loss: 0.00011901915422640741
epoch:100/0 |Loss: 7.342312892433256e-05
epoch:101/0 |Loss: 8.233737025875598e-05
epoch:102/0 |Loss: 0.00014762216596864164
epoch:103/0 |Loss: 8.7387154053431e-05
epoch:104/0 |Loss: 7.159983942983672e-05
epoch:105/0 |Loss: 0.0001611873449292034
epoch:106/0 |Loss: 8.647570939501747e-05
epoch:107/0 |Loss: 7.159992674132809e-05
epoch:108/0 |Loss: 5.30788347532507e-05
epoch:109/0 |Loss: 7.158015796449035e-05
epoch:110/0 |Loss: 7.824138447176665e-05
epoch:111/0 |Loss: 0.0001046418838086538
epoch:112/0 |Loss: 9.835046512307599e-05
epoch:113/0 |Loss: 6.874397513456643e-05
epoch:114/0 |Loss: 7.649738836335018e-05
epoch:115/0 |Loss: 0.0001177682206616737
epoch:116/0 |Loss: 0.00014257054135669023
epoch:117/0 |Loss: 7.968611316755414e-05
epoch:118/0 |Loss: 0.00011448583973105997
epoch:119/0 |Loss: 0.0001041030918713659
epoch:120/0 |Loss: 7.873174763517454e-05
epoch:121/0 |Loss: 7.954493048600852e-05
epoch:122/0 |Loss: 8.623024041298777e-05
epoch:123/0 |Loss: 0.00013119328650645912
epoch:124/0 |Loss: 7.86635500844568e-05
epoch:125/0 |Loss: 5.711671838071197e-05
epoch:126/0 |Loss: 6.533534178743139e-05
epoch:127/0 |Loss: 3.034156543435529e-05
epoch:128/0 |Loss: 6.0406910051824525e-05
epoch:129/0 |Loss: 8.233667904278263e-05
epoch:130/0 |Loss: 9.448094351682812e-05
epoch:131/0 |Loss: 8.15580933704041e-05
epoch:132/0 |Loss: 7.988313882378861e-05
epoch:133/0 |Loss: 7.432483835145831e-05
epoch:134/0 |Loss: 5.896494985790923e-05
epoch:135/0 |Loss: 0.00010886418021982536
epoch:136/0 |Loss: 8.801844523986802e-05
epoch:137/0 |Loss: 5.6035951274679974e-05
epoch:138/0 |Loss: 7.044899393804371e-05
epoch:139/0 |Loss: 7.398041634587571e-05
epoch:140/0 |Loss: 5.652237086906098e-05
epoch:141/0 |Loss: 6.940487219253555e-05
epoch:142/0 |Loss: 6.460927397711203e-05
epoch:143/0 |Loss: 4.497198824537918e-05
epoch:144/0 |Loss: 2.0507757653831504e-05
epoch:145/0 |Loss: 5.729913027607836e-05
epoch:146/0 |Loss: 2.2975860701990314e-05
epoch:147/0 |Loss: 6.911854143254459e-05
epoch:148/0 |Loss: 5.502878411789425e-05
epoch:149/0 |Loss: 7.981769158504903e-05
epoch:150/0 |Loss: 0.000103528902400285
epoch:151/0 |Loss: 5.877246803720482e-05
epoch:152/0 |Loss: 0.00010010005644289777
epoch:153/0 |Loss: 0.0001253706868737936
epoch:154/0 |Loss: 9.043167665367946e-05
epoch:155/0 |Loss: 4.835750951315276e-05
epoch:156/0 |Loss: 7.248762267408893e-05
epoch:157/0 |Loss: 5.827676795888692e-05
epoch:158/0 |Loss: 6.157225288916379e-05
epoch:159/0 |Loss: 8.112929208436981e-05
epoch:160/0 |Loss: 3.235384792787954e-05
epoch:161/0 |Loss: 6.327828305074945e-05
epoch:162/0 |Loss: 4.479524432099424e-05
epoch:163/0 |Loss: 8.384426473639905e-05
epoch:164/0 |Loss: 6.163267244119197e-05
epoch:165/0 |Loss: 7.063934754114598e-05
epoch:166/0 |Loss: 8.252992847701535e-05
epoch:167/0 |Loss: 6.120655598351732e-05
epoch:168/0 |Loss: 8.399308717343956e-05
epoch:169/0 |Loss: 4.936383629683405e-05
epoch:170/0 |Loss: 0.00013780857261735946
epoch:171/0 |Loss: 6.211271829670295e-05
epoch:172/0 |Loss: 4.34301036875695e-05
epoch:173/0 |Loss: 6.0426526033552364e-05
epoch:174/0 |Loss: 5.140304347150959e-05
epoch:175/0 |Loss: 4.65248704131227e-05
epoch:176/0 |Loss: 0.00010189340537181124
epoch:177/0 |Loss: 6.972214760025963e-05
epoch:178/0 |Loss: 6.266280979616567e-05
epoch:179/0 |Loss: 6.569836114067584e-05
epoch:180/0 |Loss: 7.298337004613131e-05
epoch:181/0 |Loss: 3.502363688312471e-05
epoch:182/0 |Loss: 5.719766340916976e-05
epoch:183/0 |Loss: 4.018661638838239e-05
epoch:184/0 |Loss: 5.943122596363537e-05
epoch:185/0 |Loss: 3.7539204640779644e-05
epoch:186/0 |Loss: 7.302573067136109e-05
epoch:187/0 |Loss: 5.81255262659397e-05
epoch:188/0 |Loss: 8.713341230759397e-05
epoch:189/0 |Loss: 3.3307431294815615e-05
epoch:190/0 |Loss: 7.382676267297938e-05
epoch:191/0 |Loss: 9.632242290535942e-05
epoch:192/0 |Loss: 7.647167512914166e-05
epoch:193/0 |Loss: 5.645923738484271e-05
epoch:194/0 |Loss: 4.9312184273730963e-05
epoch:195/0 |Loss: 2.771076833596453e-05
epoch:196/0 |Loss: 3.752603515749797e-05
epoch:197/0 |Loss: 2.9346096198423766e-05
epoch:198/0 |Loss: 5.9540725487750024e-05
epoch:199/0 |Loss: 3.9356211345875636e-05
epoch:200/0 |Loss: 8.982818690128624e-05
epoch:201/0 |Loss: 5.2001170843141153e-05
epoch:202/0 |Loss: 4.944384272675961e-05
epoch:203/0 |Loss: 7.49065657146275e-05
epoch:204/0 |Loss: 3.837005715467967e-05
epoch:205/0 |Loss: 5.034340938436799e-05
epoch:206/0 |Loss: 5.57109851797577e-05
epoch:207/0 |Loss: 3.014666071976535e-05
epoch:208/0 |Loss: 4.695154711953364e-05
epoch:209/0 |Loss: 3.785233275266364e-05
epoch:210/0 |Loss: 6.432608643081039e-05
epoch:211/0 |Loss: 3.5904227843275294e-05
epoch:212/0 |Loss: 3.65035048162099e-05
epoch:213/0 |Loss: 5.353183587430976e-05
epoch:214/0 |Loss: 5.5591281125089154e-05
epoch:215/0 |Loss: 4.098794306628406e-05
epoch:216/0 |Loss: 5.3715542890131474e-05
epoch:217/0 |Loss: 8.495533256791532e-05
epoch:218/0 |Loss: 2.163156750611961e-05
epoch:219/0 |Loss: 4.998330041416921e-05
epoch:220/0 |Loss: 5.794773096567951e-05
epoch:221/0 |Loss: 4.056810576003045e-05
epoch:222/0 |Loss: 6.599447078770027e-05
epoch:223/0 |Loss: 7.042798097245395e-05
epoch:224/0 |Loss: 7.648129394510761e-05
epoch:225/0 |Loss: 7.261279824888334e-05
epoch:226/0 |Loss: 6.256300548557192e-05
epoch:227/0 |Loss: 4.034466837765649e-05
epoch:228/0 |Loss: 6.261043017730117e-05
epoch:229/0 |Loss: 4.030522541143e-05
epoch:230/0 |Loss: 3.105315045104362e-05
epoch:231/0 |Loss: 6.641406798735261e-05
epoch:232/0 |Loss: 2.727281753323041e-05
epoch:233/0 |Loss: 3.1579722417518497e-05
epoch:234/0 |Loss: 5.30793986399658e-05
epoch:235/0 |Loss: 6.723048136336729e-05
epoch:236/0 |Loss: 3.562648271326907e-05
epoch:237/0 |Loss: 2.116530049534049e-05
epoch:238/0 |Loss: 5.634184708469547e-05
epoch:239/0 |Loss: 3.4048851375700906e-05
epoch:240/0 |Loss: 3.575777736841701e-05
epoch:241/0 |Loss: 4.695863390224986e-05
epoch:242/0 |Loss: 3.827158434432931e-05
epoch:243/0 |Loss: 3.714177728397772e-05
epoch:244/0 |Loss: 4.617342710844241e-05
epoch:245/0 |Loss: 3.055381966987625e-05
epoch:246/0 |Loss: 2.9771545086987317e-05
epoch:247/0 |Loss: 5.555210373131558e-05
epoch:248/0 |Loss: 2.9728813387919217e-05
epoch:249/0 |Loss: 4.098362478544004e-05
epoch:250/0 |Loss: 7.553785690106452e-05
epoch:251/0 |Loss: 6.908939394634217e-05
epoch:252/0 |Loss: 0.0001141926841228269
epoch:253/0 |Loss: 9.757696534506977e-05
epoch:254/0 |Loss: 7.315332186408341e-05
epoch:255/0 |Loss: 3.539735917001963e-05
epoch:256/0 |Loss: 8.38868654682301e-05
epoch:257/0 |Loss: 3.630285937106237e-05
epoch:258/0 |Loss: 5.9262387367198244e-05
epoch:259/0 |Loss: 2.2866137442179024e-05
epoch:260/0 |Loss: 4.077978155692108e-05
epoch:261/0 |Loss: 5.035634967498481e-05
epoch:262/0 |Loss: 6.252664024941623e-05
epoch:263/0 |Loss: 3.679670408018865e-05
epoch:264/0 |Loss: 4.0576680476078764e-05
epoch:265/0 |Loss: 5.497789243236184e-05
epoch:266/0 |Loss: 5.279167817207053e-05
epoch:267/0 |Loss: 4.236706081428565e-05
epoch:268/0 |Loss: 5.6909517297754064e-05
epoch:269/0 |Loss: 6.359378312481567e-05
epoch:270/0 |Loss: 3.61801176040899e-05
epoch:271/0 |Loss: 2.3435186449205503e-05
epoch:272/0 |Loss: 5.934025102760643e-05
epoch:273/0 |Loss: 5.413568942458369e-05
epoch:274/0 |Loss: 3.895430563716218e-05
epoch:275/0 |Loss: 8.480691758450121e-05
epoch:276/0 |Loss: 6.60222940496169e-05
epoch:277/0 |Loss: 5.263534694677219e-05
epoch:278/0 |Loss: 3.776488301809877e-05
epoch:279/0 |Loss: 2.9633332815137692e-05
epoch:280/0 |Loss: 4.150993481744081e-05
epoch:281/0 |Loss: 2.0013334506074898e-05
epoch:282/0 |Loss: 2.98625927825924e-05
epoch:283/0 |Loss: 1.7842337911133654e-05
epoch:284/0 |Loss: 5.808702917420305e-05
epoch:285/0 |Loss: 2.734885856625624e-05
epoch:286/0 |Loss: 7.248482143040746e-05
epoch:287/0 |Loss: 5.6638222304172814e-05
epoch:288/0 |Loss: 6.233761087059975e-05
epoch:289/0 |Loss: 8.40861612232402e-05
epoch:290/0 |Loss: 7.659375842195004e-05
epoch:291/0 |Loss: 4.0431837987853214e-05
epoch:292/0 |Loss: 8.198065916076303e-05
epoch:293/0 |Loss: 4.026202441309579e-05
epoch:294/0 |Loss: 4.1181716369464993e-05
epoch:295/0 |Loss: 5.1235165301477537e-05
epoch:296/0 |Loss: 3.3097428968176246e-05
epoch:297/0 |Loss: 5.596037226496264e-05
epoch:298/0 |Loss: 6.733238842571154e-05
epoch:299/0 |Loss: 1.9376937416382134e-05
max AD score 0.055275902
thres: 0.055275902
Dataset: mobileinsight_benign_v3	Accuracy: 0.993220
Dataset: phoenix_abnormal_v3	Accuracy: 0.931624
Dataset: 5g-spector_abnormal_v3	Accuracy: 1.000000
Dataset: 5g-spector_benign_v3	Accuracy: 1.000000

================ K = 4 ==================

(1182, 841)
epoch:0/0 |Loss: 0.00689104525372386
epoch:1/0 |Loss: 0.0026313706766813993
epoch:2/0 |Loss: 0.0017684842459857464
epoch:3/0 |Loss: 0.0017112042987719178
epoch:4/0 |Loss: 0.001469163689762354
epoch:5/0 |Loss: 0.0009950362145900726
epoch:6/0 |Loss: 0.001577218878082931
epoch:7/0 |Loss: 0.0011501203989610076
epoch:8/0 |Loss: 0.000960212666541338
epoch:9/0 |Loss: 0.0009135709260590374
epoch:10/0 |Loss: 0.0010404359782114625
epoch:11/0 |Loss: 0.0007126122945919633
epoch:12/0 |Loss: 0.0006466229096986353
epoch:13/0 |Loss: 0.0006472975364886224
epoch:14/0 |Loss: 0.0004865504743065685
epoch:15/0 |Loss: 0.0004791411920450628
epoch:16/0 |Loss: 0.0004432093701325357
epoch:17/0 |Loss: 0.0004807363438885659
epoch:18/0 |Loss: 0.00016455621516797692
epoch:19/0 |Loss: 0.0002558685664553195
epoch:20/0 |Loss: 0.0003098589659202844
epoch:21/0 |Loss: 0.00027321380912326276
epoch:22/0 |Loss: 0.00040023220935836434
epoch:23/0 |Loss: 0.00032095739152282476
epoch:24/0 |Loss: 0.0002106369356624782
epoch:25/0 |Loss: 0.00028016872238367796
epoch:26/0 |Loss: 0.00015165064542088658
epoch:27/0 |Loss: 0.00025968215777538717
epoch:28/0 |Loss: 0.00026982848066836596
epoch:29/0 |Loss: 0.00025639153318479657
epoch:30/0 |Loss: 0.00026567387976683676
epoch:31/0 |Loss: 0.00022168281429912895
epoch:32/0 |Loss: 0.00018836201343219727
epoch:33/0 |Loss: 0.00018623063806444407
epoch:34/0 |Loss: 0.00017020893574226648
epoch:35/0 |Loss: 0.00021847574680577964
epoch:36/0 |Loss: 0.00016431727271992713
epoch:37/0 |Loss: 0.00028056494193151593
epoch:38/0 |Loss: 0.00034585525281727314
epoch:39/0 |Loss: 0.000286717462586239
epoch:40/0 |Loss: 0.00029658942366950214
epoch:41/0 |Loss: 0.00016396853607147932
epoch:42/0 |Loss: 0.00026579684345051646
epoch:43/0 |Loss: 0.00011625712068052962
epoch:44/0 |Loss: 0.00013986736303195357
epoch:45/0 |Loss: 0.0002600241859909147
epoch:46/0 |Loss: 0.00010671758354874328
epoch:47/0 |Loss: 0.00015950303350109607
epoch:48/0 |Loss: 0.00012503741891123354
epoch:49/0 |Loss: 0.00010069963173009455
epoch:50/0 |Loss: 0.00016771045920904726
epoch:51/0 |Loss: 0.00011564576561795548
epoch:52/0 |Loss: 7.102166273398325e-05
epoch:53/0 |Loss: 9.36469150474295e-05
epoch:54/0 |Loss: 0.0001359971793135628
epoch:55/0 |Loss: 0.000127868028357625
epoch:56/0 |Loss: 0.00011574099335120991
epoch:57/0 |Loss: 9.074568515643477e-05
epoch:58/0 |Loss: 9.876600961433724e-05
epoch:59/0 |Loss: 0.0001107282514567487
epoch:60/0 |Loss: 0.00010894126171479002
epoch:61/0 |Loss: 0.0001263841986656189
epoch:62/0 |Loss: 0.00013530578871723264
epoch:63/0 |Loss: 7.355946581810713e-05
epoch:64/0 |Loss: 3.5213539376854897e-05
epoch:65/0 |Loss: 0.00012977805454283953
epoch:66/0 |Loss: 0.00011223291221540421
epoch:67/0 |Loss: 4.726769111584872e-05
epoch:68/0 |Loss: 0.00010615199425956234
epoch:69/0 |Loss: 9.044964099302888e-05
epoch:70/0 |Loss: 7.00615273672156e-05
epoch:71/0 |Loss: 7.778604776831344e-05
epoch:72/0 |Loss: 3.0997056455817074e-05
epoch:73/0 |Loss: 0.00018672288570087403
epoch:74/0 |Loss: 0.00014733418356627226
epoch:75/0 |Loss: 0.00014844979159533978
epoch:76/0 |Loss: 0.00013962645607534796
epoch:77/0 |Loss: 7.64676951803267e-05
epoch:78/0 |Loss: 9.27449218579568e-05
epoch:79/0 |Loss: 6.449369539041072e-05
epoch:80/0 |Loss: 0.00010014874715125188
epoch:81/0 |Loss: 1.6503869119333103e-05
epoch:82/0 |Loss: 0.0001223433209815994
epoch:83/0 |Loss: 5.13334343850147e-05
epoch:84/0 |Loss: 0.0001340327871730551
epoch:85/0 |Loss: 0.00012447262997739017
epoch:86/0 |Loss: 9.163795039057732e-05
epoch:87/0 |Loss: 0.00010460233897902071
epoch:88/0 |Loss: 9.907563799060881e-05
epoch:89/0 |Loss: 9.080926247406751e-05
epoch:90/0 |Loss: 4.365899440017529e-05
epoch:91/0 |Loss: 0.00011183894093846902
epoch:92/0 |Loss: 5.424743358162232e-05
epoch:93/0 |Loss: 4.8276036977767944e-05
epoch:94/0 |Loss: 4.301106673665345e-05
epoch:95/0 |Loss: 8.820914081297815e-05
epoch:96/0 |Loss: 7.794373959768564e-05
epoch:97/0 |Loss: 4.238190740579739e-05
epoch:98/0 |Loss: 7.005733641562983e-05
epoch:99/0 |Loss: 5.7266348449047655e-05
epoch:100/0 |Loss: 4.2578009015414864e-05
epoch:101/0 |Loss: 0.00011673173867166042
epoch:102/0 |Loss: 6.759266398148611e-05
epoch:103/0 |Loss: 6.107201625127345e-05
epoch:104/0 |Loss: 5.222211257205345e-05
epoch:105/0 |Loss: 3.832798029179685e-05
epoch:106/0 |Loss: 5.032745684729889e-05
epoch:107/0 |Loss: 8.191235974663869e-05
epoch:108/0 |Loss: 3.6874538636766374e-05
epoch:109/0 |Loss: 7.683323929086328e-05
epoch:110/0 |Loss: 4.460763739189133e-05
epoch:111/0 |Loss: 4.188319871900603e-05
epoch:112/0 |Loss: 7.275885582203045e-05
epoch:113/0 |Loss: 5.887303632334806e-05
epoch:114/0 |Loss: 5.1260049076518044e-05
epoch:115/0 |Loss: 6.959809979889542e-05
epoch:116/0 |Loss: 4.976097625331022e-05
epoch:117/0 |Loss: 6.101764302002266e-05
epoch:118/0 |Loss: 4.416795854922384e-05
epoch:119/0 |Loss: 2.3790762497810647e-05
epoch:120/0 |Loss: 7.906416431069374e-05
epoch:121/0 |Loss: 6.137235322967172e-05
epoch:122/0 |Loss: 3.6100893339607865e-05
epoch:123/0 |Loss: 1.9094557501375675e-05
epoch:124/0 |Loss: 4.673553485190496e-05
epoch:125/0 |Loss: 2.9171455025789328e-05
epoch:126/0 |Loss: 3.658349305624142e-05
epoch:127/0 |Loss: 3.135891165584326e-05
epoch:128/0 |Loss: 2.621632484078873e-05
epoch:129/0 |Loss: 4.3383024603826925e-05
epoch:130/0 |Loss: 5.533596777240746e-05
epoch:131/0 |Loss: 5.0413251301506534e-05
epoch:132/0 |Loss: 4.245661693857983e-05
epoch:133/0 |Loss: 4.202523996355012e-05
epoch:134/0 |Loss: 6.029069118085317e-05
epoch:135/0 |Loss: 3.278685107943602e-05
epoch:136/0 |Loss: 7.663773430977017e-05
epoch:137/0 |Loss: 3.142594141536392e-05
epoch:138/0 |Loss: 4.76225686725229e-05
epoch:139/0 |Loss: 8.169776992872357e-05
epoch:140/0 |Loss: 6.22803345322609e-05
epoch:141/0 |Loss: 6.108823436079547e-05
epoch:142/0 |Loss: 6.256760389078408e-05
epoch:143/0 |Loss: 5.9221842093393207e-05
epoch:144/0 |Loss: 4.849542528972961e-05
epoch:145/0 |Loss: 8.140651334542781e-05
epoch:146/0 |Loss: 3.976759398938157e-05
epoch:147/0 |Loss: 4.840541078010574e-05
epoch:148/0 |Loss: 9.412547660758719e-05
epoch:149/0 |Loss: 6.619284249609336e-05
epoch:150/0 |Loss: 5.306201637722552e-05
epoch:151/0 |Loss: 3.864812242682092e-05
epoch:152/0 |Loss: 4.566314601106569e-05
epoch:153/0 |Loss: 2.1583966372418217e-05
epoch:154/0 |Loss: 6.157391180749983e-05
epoch:155/0 |Loss: 3.2607866160105914e-05
epoch:156/0 |Loss: 4.05611572205089e-05
epoch:157/0 |Loss: 4.79855079902336e-05
epoch:158/0 |Loss: 3.373070285306312e-05
epoch:159/0 |Loss: 3.251307862228714e-05
epoch:160/0 |Loss: 7.92954015196301e-05
epoch:161/0 |Loss: 5.4281535994959995e-05
epoch:162/0 |Loss: 3.6872137570753694e-05
epoch:163/0 |Loss: 9.055018745129928e-05
epoch:164/0 |Loss: 6.003909948049113e-05
epoch:165/0 |Loss: 5.2209557907190174e-05
epoch:166/0 |Loss: 5.653694097418338e-05
epoch:167/0 |Loss: 1.574461202835664e-05
epoch:168/0 |Loss: 2.6901056116912514e-05
epoch:169/0 |Loss: 4.579295273288153e-05
epoch:170/0 |Loss: 6.400704296538606e-05
epoch:171/0 |Loss: 5.789074566564523e-05
epoch:172/0 |Loss: 5.785840767202899e-05
epoch:173/0 |Loss: 7.238954276544973e-05
epoch:174/0 |Loss: 3.848589039989747e-05
epoch:175/0 |Loss: 4.3214655306655914e-05
epoch:176/0 |Loss: 4.2883290007011965e-05
epoch:177/0 |Loss: 2.9603212169604376e-05
epoch:178/0 |Loss: 3.868561907438561e-05
epoch:179/0 |Loss: 4.669531335821375e-05
epoch:180/0 |Loss: 6.194569868966937e-05
epoch:181/0 |Loss: 5.617465285467915e-05
epoch:182/0 |Loss: 3.402806032681838e-05
epoch:183/0 |Loss: 5.729518670705147e-05
epoch:184/0 |Loss: 5.418007276603021e-05
epoch:185/0 |Loss: 8.976653771242127e-05
epoch:186/0 |Loss: 5.8866524341283366e-05
epoch:187/0 |Loss: 4.4673051888821647e-05
epoch:188/0 |Loss: 5.6609373132232577e-05
epoch:189/0 |Loss: 5.51545963389799e-05
epoch:190/0 |Loss: 5.722300193156116e-05
epoch:191/0 |Loss: 3.087914956267923e-05
epoch:192/0 |Loss: 3.0149483791319653e-05
epoch:193/0 |Loss: 2.769796810753178e-05
epoch:194/0 |Loss: 5.972948929411359e-05
epoch:195/0 |Loss: 2.0696656065410934e-05
epoch:196/0 |Loss: 5.1700702897505835e-05
epoch:197/0 |Loss: 6.0113346989965066e-05
epoch:198/0 |Loss: 4.8270769184455276e-05
epoch:199/0 |Loss: 3.127570016658865e-05
epoch:200/0 |Loss: 4.451864515431225e-05
epoch:201/0 |Loss: 5.845690247952007e-05
epoch:202/0 |Loss: 5.760159911005758e-05
epoch:203/0 |Loss: 5.577736010309309e-05
epoch:204/0 |Loss: 3.555594594217837e-05
epoch:205/0 |Loss: 4.1053986933548003e-05
epoch:206/0 |Loss: 2.190204759244807e-05
epoch:207/0 |Loss: 2.9008246201556176e-05
epoch:208/0 |Loss: 5.340181814972311e-05
epoch:209/0 |Loss: 4.710344728664495e-05
epoch:210/0 |Loss: 3.9436221413780004e-05
epoch:211/0 |Loss: 6.134415161795914e-05
epoch:212/0 |Loss: 6.42064114799723e-05
epoch:213/0 |Loss: 3.6401910620043054e-05
epoch:214/0 |Loss: 2.3078537196852267e-05
epoch:215/0 |Loss: 3.526707587298006e-05
epoch:216/0 |Loss: 3.919966911780648e-05
epoch:217/0 |Loss: 4.4849144615000114e-05
epoch:218/0 |Loss: 5.8377048844704404e-05
epoch:219/0 |Loss: 3.0012555725988932e-05
epoch:220/0 |Loss: 5.835516640217975e-05
epoch:221/0 |Loss: 8.099681144813076e-05
epoch:222/0 |Loss: 5.5484964832430705e-05
epoch:223/0 |Loss: 5.917857197346166e-05
epoch:224/0 |Loss: 4.150534005020745e-05
epoch:225/0 |Loss: 3.527223816490732e-05
epoch:226/0 |Loss: 1.9816247004200704e-05
epoch:227/0 |Loss: 4.0037615690380335e-05
epoch:228/0 |Loss: 1.8898414055001922e-05
epoch:229/0 |Loss: 3.0183859053067863e-05
epoch:230/0 |Loss: 5.415316627477296e-05
epoch:231/0 |Loss: 4.6597302571171895e-05
epoch:232/0 |Loss: 3.561504854587838e-05
epoch:233/0 |Loss: 3.53325049218256e-05
epoch:234/0 |Loss: 1.4559167539118789e-05
epoch:235/0 |Loss: 3.3460702979937196e-05
epoch:236/0 |Loss: 1.9492432329570875e-05
epoch:237/0 |Loss: 1.685364441073034e-05
epoch:238/0 |Loss: 3.943459159927443e-05
epoch:239/0 |Loss: 2.5719638870214112e-05
epoch:240/0 |Loss: 2.2430423996411264e-05
epoch:241/0 |Loss: 4.8442681872984394e-05
epoch:242/0 |Loss: 4.359839658718556e-05
epoch:243/0 |Loss: 3.914742774213664e-05
epoch:244/0 |Loss: 4.4357100705383345e-05
epoch:245/0 |Loss: 8.108861220534891e-05
epoch:246/0 |Loss: 8.484438876621425e-05
epoch:247/0 |Loss: 5.1966442697448656e-05
epoch:248/0 |Loss: 4.632469062926248e-05
epoch:249/0 |Loss: 7.230251503642648e-05
epoch:250/0 |Loss: 4.643774082069285e-05
epoch:251/0 |Loss: 5.9232603234704584e-05
epoch:252/0 |Loss: 5.0814676797017455e-05
epoch:253/0 |Loss: 5.2416380640352145e-05
epoch:254/0 |Loss: 4.1118230001302436e-05
epoch:255/0 |Loss: 4.7808312956476584e-05
epoch:256/0 |Loss: 6.392502837115899e-05
epoch:257/0 |Loss: 3.9802420360501856e-05
epoch:258/0 |Loss: 3.0374436391866766e-05
epoch:259/0 |Loss: 5.9010129916714504e-05
epoch:260/0 |Loss: 1.6148094800882973e-05
epoch:261/0 |Loss: 2.4715856852708384e-05
epoch:262/0 |Loss: 2.0663756004069e-05
epoch:263/0 |Loss: 2.8883594495709985e-05
epoch:264/0 |Loss: 4.8802714445628226e-05
epoch:265/0 |Loss: 2.4412438506260514e-05
epoch:266/0 |Loss: 3.0543651519110426e-05
epoch:267/0 |Loss: 5.455121208797209e-05
epoch:268/0 |Loss: 2.5958974219975062e-05
epoch:269/0 |Loss: 1.3179688721720595e-05
epoch:270/0 |Loss: 4.658985199057497e-05
epoch:271/0 |Loss: 4.213333158986643e-05
epoch:272/0 |Loss: 3.0324930776259862e-05
epoch:273/0 |Loss: 2.1429830667329952e-05
epoch:274/0 |Loss: 3.746778384083882e-05
epoch:275/0 |Loss: 4.651501149055548e-05
epoch:276/0 |Loss: 5.181960659683682e-05
epoch:277/0 |Loss: 5.04960298712831e-05
epoch:278/0 |Loss: 5.8897760027321056e-05
epoch:279/0 |Loss: 3.481619933154434e-05
epoch:280/0 |Loss: 5.583074380410835e-05
epoch:281/0 |Loss: 3.6113226087763906e-05
epoch:282/0 |Loss: 3.0051543944864534e-05
epoch:283/0 |Loss: 3.490386006888002e-05
epoch:284/0 |Loss: 4.138072836212814e-05
epoch:285/0 |Loss: 2.1370033209677786e-05
epoch:286/0 |Loss: 4.8977854021359235e-05
epoch:287/0 |Loss: 3.402006041142158e-05
epoch:288/0 |Loss: 2.77658473351039e-05
epoch:289/0 |Loss: 3.824705345323309e-05
epoch:290/0 |Loss: 4.7130812163231894e-05
epoch:291/0 |Loss: 4.9552490963833407e-05
epoch:292/0 |Loss: 2.1579928215942346e-05
epoch:293/0 |Loss: 3.739232852240093e-05
epoch:294/0 |Loss: 2.830171251844149e-05
epoch:295/0 |Loss: 3.4932127164211124e-05
epoch:296/0 |Loss: 3.1832081731408834e-05
epoch:297/0 |Loss: 4.685201565735042e-05
epoch:298/0 |Loss: 2.9133661882951856e-05
epoch:299/0 |Loss: 3.0015302399988286e-05
max AD score 0.045468885
thres: 0.045468885
Dataset: mobileinsight_benign_v3	Accuracy: 0.993220
Dataset: phoenix_abnormal_v3	Accuracy: 0.940171
Dataset: 5g-spector_abnormal_v3	Accuracy: 0.933333
Dataset: 5g-spector_benign_v3	Accuracy: 1.000000

================ K = 5 ==================

(1182, 841)
epoch:0/0 |Loss: 0.006777276284992695
epoch:1/0 |Loss: 0.0024499434512108564
epoch:2/0 |Loss: 0.0021623873617500067
epoch:3/0 |Loss: 0.0018558555748313665
epoch:4/0 |Loss: 0.0015567829832434654
epoch:5/0 |Loss: 0.0011175868567079306
epoch:6/0 |Loss: 0.0008395275217480958
epoch:7/0 |Loss: 0.0009485209011472762
epoch:8/0 |Loss: 0.000811343954410404
epoch:9/0 |Loss: 0.0007869080291129649
epoch:10/0 |Loss: 0.0008400206570513546
epoch:11/0 |Loss: 0.0006562354392372072
epoch:12/0 |Loss: 0.0006528209778480232
epoch:13/0 |Loss: 0.0006008473574183881
epoch:14/0 |Loss: 0.0006036554113961756
epoch:15/0 |Loss: 0.0004610298783518374
epoch:16/0 |Loss: 0.0002994899114128202
epoch:17/0 |Loss: 0.0003127042145933956
epoch:18/0 |Loss: 0.00026357421302236617
epoch:19/0 |Loss: 0.00027126839268021286
epoch:20/0 |Loss: 0.00017599703278392553
epoch:21/0 |Loss: 0.00015131826512515545
epoch:22/0 |Loss: 0.00010373449913458899
epoch:23/0 |Loss: 0.00012150709517300129
epoch:24/0 |Loss: 0.00025460723554715514
epoch:25/0 |Loss: 9.814998338697478e-05
epoch:26/0 |Loss: 0.0001594869972905144
epoch:27/0 |Loss: 0.0002212920953752473
epoch:28/0 |Loss: 7.08645602571778e-05
epoch:29/0 |Loss: 0.0001558793883305043
epoch:30/0 |Loss: 0.00015947410429362208
epoch:31/0 |Loss: 0.00010643264249665663
epoch:32/0 |Loss: 0.00015285595145542175
epoch:33/0 |Loss: 0.00013838050654157996
epoch:34/0 |Loss: 0.0001276549737667665
epoch:35/0 |Loss: 0.00012071556557202712
epoch:36/0 |Loss: 0.0001619957183720544
epoch:37/0 |Loss: 0.0001223861036123708
epoch:38/0 |Loss: 0.00011888938752235845
epoch:39/0 |Loss: 0.00016455681179650128
epoch:40/0 |Loss: 0.00010745981853688136
epoch:41/0 |Loss: 0.0001013254513964057
epoch:42/0 |Loss: 5.530645285034552e-05
epoch:43/0 |Loss: 0.00010843413474503905
epoch:44/0 |Loss: 0.00011129753693239763
epoch:45/0 |Loss: 0.00015347515000030398
epoch:46/0 |Loss: 0.00011734212603187189
epoch:47/0 |Loss: 7.81989874667488e-05
epoch:48/0 |Loss: 0.000148201419506222
epoch:49/0 |Loss: 0.00011180753790540621
epoch:50/0 |Loss: 2.301035783602856e-05
epoch:51/0 |Loss: 6.818788824602962e-05
epoch:52/0 |Loss: 3.362403003848158e-05
epoch:53/0 |Loss: 0.00015786252333782613
epoch:54/0 |Loss: 7.970562728587538e-05
epoch:55/0 |Loss: 6.234778993530199e-05
epoch:56/0 |Loss: 5.956246968708001e-05
epoch:57/0 |Loss: 7.204637768154498e-06
epoch:58/0 |Loss: 6.226811092346907e-05
epoch:59/0 |Loss: 0.0001132333927671425
epoch:60/0 |Loss: 3.2836291211424395e-05
epoch:61/0 |Loss: 9.200307249557227e-05
epoch:62/0 |Loss: 5.88099574088119e-05
epoch:63/0 |Loss: 0.00011711840488715097
epoch:64/0 |Loss: 4.637050733435899e-05
epoch:65/0 |Loss: 4.434411312104203e-05
epoch:66/0 |Loss: 7.641000411240384e-05
epoch:67/0 |Loss: 5.874768612557091e-05
epoch:68/0 |Loss: 2.2226038709050044e-05
epoch:69/0 |Loss: 1.4552618267771322e-05
epoch:70/0 |Loss: 5.197173231863417e-05
epoch:71/0 |Loss: 6.500299059553072e-05
epoch:72/0 |Loss: 6.2671591877006e-05
epoch:73/0 |Loss: 7.485646347049624e-05
epoch:74/0 |Loss: 0.00011089358304161578
epoch:75/0 |Loss: 6.963594205444679e-05
epoch:76/0 |Loss: 5.7375389587832615e-05
epoch:77/0 |Loss: 7.912160799605772e-05
epoch:78/0 |Loss: 3.791006383835338e-05
epoch:79/0 |Loss: 5.217852958594449e-05
epoch:80/0 |Loss: 1.6491016140207648e-05
epoch:81/0 |Loss: 3.690669473144226e-05
epoch:82/0 |Loss: 3.197347905370407e-05
epoch:83/0 |Loss: 7.559301593573764e-05
epoch:84/0 |Loss: 2.6183537556789815e-05
epoch:85/0 |Loss: 2.3504799173679203e-05
epoch:86/0 |Loss: 2.183719516324345e-05
epoch:87/0 |Loss: 6.624519301112741e-05
epoch:88/0 |Loss: 6.996981392148882e-05
epoch:89/0 |Loss: 6.02728032390587e-05
epoch:90/0 |Loss: 4.366115899756551e-05
epoch:91/0 |Loss: 2.6035841074190103e-05
epoch:92/0 |Loss: 4.415457806317136e-05
epoch:93/0 |Loss: 4.3915882997680455e-05
epoch:94/0 |Loss: 4.351538518676534e-05
epoch:95/0 |Loss: 6.377141835400835e-05
epoch:96/0 |Loss: 4.99830930493772e-05
epoch:97/0 |Loss: 5.870047607459128e-05
epoch:98/0 |Loss: 5.4292293498292565e-05
epoch:99/0 |Loss: 5.280195546220057e-05
epoch:100/0 |Loss: 3.2310712413163856e-05
epoch:101/0 |Loss: 4.696180985774845e-05
epoch:102/0 |Loss: 6.372660573106259e-05
epoch:103/0 |Loss: 2.398149445070885e-05
epoch:104/0 |Loss: 6.211839354364201e-05
epoch:105/0 |Loss: 1.2649214113480411e-05
epoch:106/0 |Loss: 8.960528793977574e-05
epoch:107/0 |Loss: 1.363683713861974e-05
epoch:108/0 |Loss: 3.05119865515735e-05
epoch:109/0 |Loss: 7.91281636338681e-05
epoch:110/0 |Loss: 8.569034253014252e-05
epoch:111/0 |Loss: 2.3246588170877658e-05
epoch:112/0 |Loss: 4.4663658627541736e-05
epoch:113/0 |Loss: 8.687607078172732e-06
epoch:114/0 |Loss: 5.6522974773542956e-05
epoch:115/0 |Loss: 5.5806573072914034e-05
epoch:116/0 |Loss: 1.8844768419512548e-05
epoch:117/0 |Loss: 3.7218771467451006e-05
epoch:118/0 |Loss: 7.255499076563865e-05
epoch:119/0 |Loss: 7.068539707688615e-05
epoch:120/0 |Loss: 0.00010443724022479728
epoch:121/0 |Loss: 4.728201020043343e-05
epoch:122/0 |Loss: 8.943883585743606e-05
epoch:123/0 |Loss: 3.679463407024741e-05
epoch:124/0 |Loss: 2.49829790845979e-05
epoch:125/0 |Loss: 0.00010401877079857513
epoch:126/0 |Loss: 3.467409624136053e-05
epoch:127/0 |Loss: 3.0975665140431374e-05
epoch:128/0 |Loss: 8.188367792172357e-05
epoch:129/0 |Loss: 3.664796895463951e-05
epoch:130/0 |Loss: 3.6748784623341635e-05
epoch:131/0 |Loss: 3.8002839573891833e-05
epoch:132/0 |Loss: 4.6642697270726785e-05
epoch:133/0 |Loss: 4.4257631088839844e-05
epoch:134/0 |Loss: 4.3341100536054e-05
epoch:135/0 |Loss: 5.9040652558906004e-05
epoch:136/0 |Loss: 3.339436443638988e-05
epoch:137/0 |Loss: 4.026412352686748e-05
epoch:138/0 |Loss: 7.936727342894301e-05
epoch:139/0 |Loss: 1.6823500118334778e-05
epoch:140/0 |Loss: 6.0528909671120346e-05
epoch:141/0 |Loss: 2.2525184249388985e-05
epoch:142/0 |Loss: 3.1274343200493604e-05
epoch:143/0 |Loss: 8.010998135432601e-05
epoch:144/0 |Loss: 6.11105642747134e-05
epoch:145/0 |Loss: 6.458046118495986e-05
epoch:146/0 |Loss: 5.40852161066141e-05
epoch:147/0 |Loss: 2.3683463950874284e-05
epoch:148/0 |Loss: 4.3259798985673115e-05
epoch:149/0 |Loss: 1.1018343684554566e-05
epoch:150/0 |Loss: 5.391287413658574e-05
epoch:151/0 |Loss: 3.142543209833093e-05
epoch:152/0 |Loss: 4.5547960326075554e-05
epoch:153/0 |Loss: 4.437107054400258e-05
epoch:154/0 |Loss: 1.9524575691320933e-05
epoch:155/0 |Loss: 2.2240696125663817e-05
epoch:156/0 |Loss: 2.34093295148341e-05
epoch:157/0 |Loss: 3.3392254408681765e-05
epoch:158/0 |Loss: 5.995419269311242e-05
epoch:159/0 |Loss: 2.7461985155241564e-05
epoch:160/0 |Loss: 2.0365032469271682e-05
epoch:161/0 |Loss: 7.844277570256963e-05
epoch:162/0 |Loss: 2.060921906377189e-05
epoch:163/0 |Loss: 1.697204788797535e-05
epoch:164/0 |Loss: 1.3872015188098885e-05
epoch:165/0 |Loss: 1.6812859030324034e-05
epoch:166/0 |Loss: 3.413945159991272e-05
epoch:167/0 |Loss: 2.2605114281759597e-05
epoch:168/0 |Loss: 1.4556451787939295e-05
epoch:169/0 |Loss: 4.6188772103050724e-05
epoch:170/0 |Loss: 3.347622987348586e-05
epoch:171/0 |Loss: 5.586183397099376e-05
epoch:172/0 |Loss: 6.699248478980735e-05
epoch:173/0 |Loss: 6.734154158039019e-05
epoch:174/0 |Loss: 1.7421512893633917e-05
epoch:175/0 |Loss: 9.57427328103222e-05
epoch:176/0 |Loss: 1.2533642802736722e-05
epoch:177/0 |Loss: 1.6984704416245222e-05
epoch:178/0 |Loss: 6.558879249496385e-05
epoch:179/0 |Loss: 1.0879357432713732e-05
epoch:180/0 |Loss: 1.6865265934029594e-05
epoch:181/0 |Loss: 4.436834933585487e-05
epoch:182/0 |Loss: 2.278504689456895e-05
epoch:183/0 |Loss: 5.5325148423435166e-05
epoch:184/0 |Loss: 1.3174907508073375e-05
epoch:185/0 |Loss: 3.230166112189181e-05
epoch:186/0 |Loss: 2.3577626052428968e-05
epoch:187/0 |Loss: 3.709622615133412e-05
epoch:188/0 |Loss: 1.9991191948065534e-05
epoch:189/0 |Loss: 1.6498375771334395e-05
epoch:190/0 |Loss: 1.2632590369321406e-05
epoch:191/0 |Loss: 4.204444485367276e-05
epoch:192/0 |Loss: 2.0080329704796895e-05
epoch:193/0 |Loss: 2.1087684217491187e-05
epoch:194/0 |Loss: 1.1751738384191412e-05
epoch:195/0 |Loss: 7.523602562287124e-06
epoch:196/0 |Loss: 1.7196160115418024e-05
epoch:197/0 |Loss: 8.195765985874459e-06
epoch:198/0 |Loss: 1.6661722838762216e-05
epoch:199/0 |Loss: 1.4394664503925014e-05
epoch:200/0 |Loss: 2.1611609554383904e-05
epoch:201/0 |Loss: 2.5762315999600105e-05
epoch:202/0 |Loss: 5.740336200688034e-05
epoch:203/0 |Loss: 1.4656911844213028e-05
epoch:204/0 |Loss: 6.0712543927365914e-05
epoch:205/0 |Loss: 3.165298403473571e-05
epoch:206/0 |Loss: 2.3670512746321037e-05
epoch:207/0 |Loss: 7.361070311162621e-05
epoch:208/0 |Loss: 9.689902799436823e-05
epoch:209/0 |Loss: 4.952027666149661e-05
epoch:210/0 |Loss: 3.530241519911215e-05
epoch:211/0 |Loss: 5.814058386022225e-05
epoch:212/0 |Loss: 8.061826520133764e-06
epoch:213/0 |Loss: 3.0933384550735354e-05
epoch:214/0 |Loss: 9.408388905285392e-06
epoch:215/0 |Loss: 4.759403600473888e-05
epoch:216/0 |Loss: 4.66734345536679e-05
epoch:217/0 |Loss: 4.0026519855018705e-05
epoch:218/0 |Loss: 1.1915654795302544e-05
epoch:219/0 |Loss: 8.198468094633427e-06
epoch:220/0 |Loss: 1.4630169971496798e-05
epoch:221/0 |Loss: 6.868706259410828e-05
epoch:222/0 |Loss: 1.2639008673431817e-05
epoch:223/0 |Loss: 1.9488681573420763e-05
epoch:224/0 |Loss: 8.766311111685354e-06
epoch:225/0 |Loss: 4.4240718125365674e-05
epoch:226/0 |Loss: 9.666653568274342e-06
epoch:227/0 |Loss: 2.64415630226722e-05
epoch:228/0 |Loss: 1.770299786585383e-05
epoch:229/0 |Loss: 1.855175469245296e-05
epoch:230/0 |Loss: 7.308975455089239e-06
epoch:231/0 |Loss: 3.827456384897232e-05
epoch:232/0 |Loss: 3.9591217500856146e-05
epoch:233/0 |Loss: 3.463752000243403e-05
epoch:234/0 |Loss: 1.7540263797855005e-05
epoch:235/0 |Loss: 1.555796006869059e-05
epoch:236/0 |Loss: 2.143018355127424e-05
epoch:237/0 |Loss: 4.70515587949194e-05
epoch:238/0 |Loss: 1.5207142496365122e-05
epoch:239/0 |Loss: 8.742176760279108e-06
epoch:240/0 |Loss: 6.153371941763908e-05
epoch:241/0 |Loss: 3.137654493912123e-05
epoch:242/0 |Loss: 1.6056661479524337e-05
epoch:243/0 |Loss: 1.635924490983598e-05
epoch:244/0 |Loss: 3.920667222701013e-05
epoch:245/0 |Loss: 3.085538628511131e-05
epoch:246/0 |Loss: 2.0285368009353988e-05
epoch:247/0 |Loss: 6.958619633223861e-05
epoch:248/0 |Loss: 2.3080761820892803e-05
epoch:249/0 |Loss: 3.727256626007147e-05
epoch:250/0 |Loss: 3.8436075556091964e-05
epoch:251/0 |Loss: 7.317207746382337e-06
epoch:252/0 |Loss: 2.0451956515898928e-05
epoch:253/0 |Loss: 1.3420758477877825e-05
epoch:254/0 |Loss: 5.1445742428768426e-05
epoch:255/0 |Loss: 1.4594925232813694e-05
epoch:256/0 |Loss: 4.3084284698124975e-05
epoch:257/0 |Loss: 2.827394928317517e-05
epoch:258/0 |Loss: 4.9482641770737246e-05
epoch:259/0 |Loss: 4.756267662742175e-05
epoch:260/0 |Loss: 7.7585551480297e-05
epoch:261/0 |Loss: 3.808873952948488e-05
epoch:262/0 |Loss: 5.572891313931905e-05
epoch:263/0 |Loss: 8.094128133961931e-05
epoch:264/0 |Loss: 4.607890150509775e-05
epoch:265/0 |Loss: 6.006116382195614e-05
epoch:266/0 |Loss: 3.817549077211879e-05
epoch:267/0 |Loss: 1.4841612028249074e-05
epoch:268/0 |Loss: 1.8465732864569873e-05
epoch:269/0 |Loss: 4.082388477399945e-05
epoch:270/0 |Loss: 3.536340591381304e-05
epoch:271/0 |Loss: 2.0063733245478943e-05
epoch:272/0 |Loss: 8.274327228718903e-06
epoch:273/0 |Loss: 6.24107406110852e-06
epoch:274/0 |Loss: 6.656863206444541e-06
epoch:275/0 |Loss: 2.3920496460050344e-05
epoch:276/0 |Loss: 3.3048632758436725e-05
epoch:277/0 |Loss: 2.1099729565321468e-05
epoch:278/0 |Loss: 1.7520678738947026e-05
epoch:279/0 |Loss: 4.81909592053853e-05
epoch:280/0 |Loss: 9.160164154309314e-06
epoch:281/0 |Loss: 1.4825883226876613e-05
epoch:282/0 |Loss: 5.3284893510863185e-06
epoch:283/0 |Loss: 1.2409746886987705e-05
epoch:284/0 |Loss: 2.4345587007701397e-05
epoch:285/0 |Loss: 3.304870188003406e-05
epoch:286/0 |Loss: 3.063625263166614e-05
epoch:287/0 |Loss: 3.7349640479078516e-05
epoch:288/0 |Loss: 1.79693270183634e-05
epoch:289/0 |Loss: 1.7783924704417586e-05
epoch:290/0 |Loss: 3.844915408990346e-05
epoch:291/0 |Loss: 1.7731224943418056e-05
epoch:292/0 |Loss: 1.267430343432352e-05
epoch:293/0 |Loss: 5.106077423988609e-06
epoch:294/0 |Loss: 1.9806673662969843e-05
epoch:295/0 |Loss: 3.2641924917697906e-05
epoch:296/0 |Loss: 1.5237105799315032e-05
epoch:297/0 |Loss: 5.9362220781622455e-05
epoch:298/0 |Loss: 3.0114186301943846e-05
epoch:299/0 |Loss: 3.953284613089636e-05
max AD score 0.05973582
thres: 0.05973582
Dataset: mobileinsight_benign_v3	Accuracy: 0.864407
Dataset: phoenix_abnormal_v3	Accuracy: 0.923077
Dataset: 5g-spector_abnormal_v3	Accuracy: 0.933333
Dataset: 5g-spector_benign_v3	Accuracy: 0.000000
