Train of MobileInsight + 5G-Spector, random 80% seed=42

(10233, 5) (10233,)
(10247, 5) (10247,)
65
Epoch [1/300], train_loss: 3.0574
Epoch [2/300], train_loss: 2.3246
Epoch [3/300], train_loss: 2.2568
Epoch [4/300], train_loss: 2.0397
Epoch [5/300], train_loss: 1.7725
Epoch [6/300], train_loss: 1.5381
Epoch [7/300], train_loss: 1.3516
Epoch [8/300], train_loss: 1.1512
Epoch [9/300], train_loss: 1.0182
Epoch [10/300], train_loss: 0.9310
Epoch [11/300], train_loss: 0.8764
Epoch [12/300], train_loss: 0.8256
Epoch [13/300], train_loss: 0.7894
Epoch [14/300], train_loss: 0.7725
Epoch [15/300], train_loss: 0.7238
Epoch [16/300], train_loss: 0.6917
Epoch [17/300], train_loss: 0.6718
Epoch [18/300], train_loss: 0.6461
Epoch [19/300], train_loss: 0.6240
Epoch [20/300], train_loss: 0.6164
Epoch [21/300], train_loss: 0.5999
Epoch [22/300], train_loss: 0.5880
Epoch [23/300], train_loss: 0.5755
Epoch [24/300], train_loss: 0.5721
Epoch [25/300], train_loss: 0.5656
Epoch [26/300], train_loss: 0.5488
Epoch [27/300], train_loss: 0.5347
Epoch [28/300], train_loss: 0.5372
Epoch [29/300], train_loss: 0.5293
Epoch [30/300], train_loss: 0.5197
Epoch [31/300], train_loss: 0.5116
Epoch [32/300], train_loss: 0.5118
Epoch [33/300], train_loss: 0.5119
Epoch [34/300], train_loss: 0.5123
Epoch [35/300], train_loss: 0.4927
Epoch [36/300], train_loss: 0.4870
Epoch [37/300], train_loss: 0.4836
Epoch [38/300], train_loss: 0.4745
Epoch [39/300], train_loss: 0.4739
Epoch [40/300], train_loss: 0.4696
Epoch [41/300], train_loss: 0.4746
Epoch [42/300], train_loss: 0.4738
Epoch [43/300], train_loss: 0.4670
Epoch [44/300], train_loss: 0.4633
Epoch [45/300], train_loss: 0.4651
Epoch [46/300], train_loss: 0.4702
Epoch [47/300], train_loss: 0.4628
Epoch [48/300], train_loss: 0.4571
Epoch [49/300], train_loss: 0.4559
Epoch [50/300], train_loss: 0.4534
Epoch [51/300], train_loss: 0.4455
Epoch [52/300], train_loss: 0.4517
Epoch [53/300], train_loss: 0.4464
Epoch [54/300], train_loss: 0.4759
Epoch [55/300], train_loss: 0.4503
Epoch [56/300], train_loss: 0.4416
Epoch [57/300], train_loss: 0.4398
Epoch [58/300], train_loss: 0.4412
Epoch [59/300], train_loss: 0.4610
Epoch [60/300], train_loss: 0.4495
Epoch [61/300], train_loss: 0.4390
Epoch [62/300], train_loss: 0.4386
Epoch [63/300], train_loss: 0.4370
Epoch [64/300], train_loss: 0.4474
Epoch [65/300], train_loss: 0.4383
Epoch [66/300], train_loss: 0.4323
Epoch [67/300], train_loss: 0.4308
Epoch [68/300], train_loss: 0.4280
Epoch [69/300], train_loss: 0.4269
Epoch [70/300], train_loss: 0.4266
Epoch [71/300], train_loss: 0.4257
Epoch [72/300], train_loss: 0.4271
Epoch [73/300], train_loss: 0.4216
Epoch [74/300], train_loss: 0.4251
Epoch [75/300], train_loss: 0.4282
Epoch [76/300], train_loss: 0.4241
Epoch [77/300], train_loss: 0.4257
Epoch [78/300], train_loss: 0.4212
Epoch [79/300], train_loss: 0.4225
Epoch [80/300], train_loss: 0.4209
Epoch [81/300], train_loss: 0.4198
Epoch [82/300], train_loss: 0.4266
Epoch [83/300], train_loss: 0.4215
Epoch [84/300], train_loss: 0.4149
Epoch [85/300], train_loss: 0.4152
Epoch [86/300], train_loss: 0.4291
Epoch [87/300], train_loss: 0.4216
Epoch [88/300], train_loss: 0.4301
Epoch [89/300], train_loss: 0.4294
Epoch [90/300], train_loss: 0.4206
Epoch [91/300], train_loss: 0.4146
Epoch [92/300], train_loss: 0.4142
Epoch [93/300], train_loss: 0.4116
Epoch [94/300], train_loss: 0.4176
Epoch [95/300], train_loss: 0.4116
Epoch [96/300], train_loss: 0.4127
Epoch [97/300], train_loss: 0.4206
Epoch [98/300], train_loss: 0.4198
Epoch [99/300], train_loss: 0.4091
Epoch [100/300], train_loss: 0.4062
Epoch [101/300], train_loss: 0.4075
Epoch [102/300], train_loss: 0.4135
Epoch [103/300], train_loss: 0.4153
Epoch [104/300], train_loss: 0.4142
Epoch [105/300], train_loss: 0.4103
Epoch [106/300], train_loss: 0.4042
Epoch [107/300], train_loss: 0.4120
Epoch [108/300], train_loss: 0.4087
Epoch [109/300], train_loss: 0.4076
Epoch [110/300], train_loss: 0.4068
Epoch [111/300], train_loss: 0.4083
Epoch [112/300], train_loss: 0.4103
Epoch [113/300], train_loss: 0.4108
Epoch [114/300], train_loss: 0.4057
Epoch [115/300], train_loss: 0.4129
Epoch [116/300], train_loss: 0.4143
Epoch [117/300], train_loss: 0.4061
Epoch [118/300], train_loss: 0.4036
Epoch [119/300], train_loss: 0.4050
Epoch [120/300], train_loss: 0.4003
Epoch [121/300], train_loss: 0.4039
Epoch [122/300], train_loss: 0.4003
Epoch [123/300], train_loss: 0.4005
Epoch [124/300], train_loss: 0.4094
Epoch [125/300], train_loss: 0.4201
Epoch [126/300], train_loss: 0.4040
Epoch [127/300], train_loss: 0.4000
Epoch [128/300], train_loss: 0.3977
Epoch [129/300], train_loss: 0.3988
Epoch [130/300], train_loss: 0.4096
Epoch [131/300], train_loss: 0.4159
Epoch [132/300], train_loss: 0.4008
Epoch [133/300], train_loss: 0.3978
Epoch [134/300], train_loss: 0.3988
Epoch [135/300], train_loss: 0.3991
Epoch [136/300], train_loss: 0.4004
Epoch [137/300], train_loss: 0.4141
Epoch [138/300], train_loss: 0.4022
Epoch [139/300], train_loss: 0.3989
Epoch [140/300], train_loss: 0.4036
Epoch [141/300], train_loss: 0.3987
Epoch [142/300], train_loss: 0.3969
Epoch [143/300], train_loss: 0.4071
Epoch [144/300], train_loss: 0.4054
Epoch [145/300], train_loss: 0.4050
Epoch [146/300], train_loss: 0.3973
Epoch [147/300], train_loss: 0.4145
Epoch [148/300], train_loss: 0.4000
Epoch [149/300], train_loss: 0.4017
Epoch [150/300], train_loss: 0.4016
Epoch [151/300], train_loss: 0.4033
Epoch [152/300], train_loss: 0.3964
Epoch [153/300], train_loss: 0.4026
Epoch [154/300], train_loss: 0.4042
Epoch [155/300], train_loss: 0.3942
Epoch [156/300], train_loss: 0.3934
Epoch [157/300], train_loss: 0.3953
Epoch [158/300], train_loss: 0.3945
Epoch [159/300], train_loss: 0.3919
Epoch [160/300], train_loss: 0.3982
Epoch [161/300], train_loss: 0.3961
Epoch [162/300], train_loss: 0.3971
Epoch [163/300], train_loss: 0.3991
Epoch [164/300], train_loss: 0.3948
Epoch [165/300], train_loss: 0.3919
Epoch [166/300], train_loss: 0.3957
Epoch [167/300], train_loss: 0.3958
Epoch [168/300], train_loss: 0.3930
Epoch [169/300], train_loss: 0.3927
Epoch [170/300], train_loss: 0.3943
Epoch [171/300], train_loss: 0.3999
Epoch [172/300], train_loss: 0.4007
Epoch [173/300], train_loss: 0.4003
Epoch [174/300], train_loss: 0.3988
Epoch [175/300], train_loss: 0.3988
Epoch [176/300], train_loss: 0.3957
Epoch [177/300], train_loss: 0.3941
Epoch [178/300], train_loss: 0.3929
Epoch [179/300], train_loss: 0.3906
Epoch [180/300], train_loss: 0.3974
Epoch [181/300], train_loss: 0.3981
Epoch [182/300], train_loss: 0.3948
Epoch [183/300], train_loss: 0.4013
Epoch [184/300], train_loss: 0.4019
Epoch [185/300], train_loss: 0.3950
Epoch [186/300], train_loss: 0.4050
Epoch [187/300], train_loss: 0.3912
Epoch [188/300], train_loss: 0.4086
Epoch [189/300], train_loss: 0.3935
Epoch [190/300], train_loss: 0.4027
Epoch [191/300], train_loss: 0.3929
Epoch [192/300], train_loss: 0.3898
Epoch [193/300], train_loss: 0.4015
Epoch [194/300], train_loss: 0.3945
Epoch [195/300], train_loss: 0.3989
Epoch [196/300], train_loss: 0.3929
Epoch [197/300], train_loss: 0.3977
Epoch [198/300], train_loss: 0.3894
Epoch [199/300], train_loss: 0.3948
Epoch [200/300], train_loss: 0.3899
Epoch [201/300], train_loss: 0.4005
Epoch [202/300], train_loss: 0.3946
Epoch [203/300], train_loss: 0.3892
Epoch [204/300], train_loss: 0.3911
Epoch [205/300], train_loss: 0.3881
Epoch [206/300], train_loss: 0.3955
Epoch [207/300], train_loss: 0.3906
Epoch [208/300], train_loss: 0.3923
Epoch [209/300], train_loss: 0.3924
Epoch [210/300], train_loss: 0.3922
Epoch [211/300], train_loss: 0.3997
Epoch [212/300], train_loss: 0.3927
Epoch [213/300], train_loss: 0.4008
Epoch [214/300], train_loss: 0.3892
Epoch [215/300], train_loss: 0.3977
Epoch [216/300], train_loss: 0.3931
Epoch [217/300], train_loss: 0.3974
Epoch [218/300], train_loss: 0.3910
Epoch [219/300], train_loss: 0.3914
Epoch [220/300], train_loss: 0.3891
Epoch [221/300], train_loss: 0.3900
Epoch [222/300], train_loss: 0.3920
Epoch [223/300], train_loss: 0.3965
Epoch [224/300], train_loss: 0.3955
Epoch [225/300], train_loss: 0.3912
Epoch [226/300], train_loss: 0.3974
Epoch [227/300], train_loss: 0.4087
Epoch [228/300], train_loss: 0.3987
Epoch [229/300], train_loss: 0.3950
Epoch [230/300], train_loss: 0.3906
Epoch [231/300], train_loss: 0.3880
Epoch [232/300], train_loss: 0.3944
Epoch [233/300], train_loss: 0.3889
Epoch [234/300], train_loss: 0.3958
Epoch [235/300], train_loss: 0.3900
Epoch [236/300], train_loss: 0.3956
Epoch [237/300], train_loss: 0.3938
Epoch [238/300], train_loss: 0.4013
Epoch [239/300], train_loss: 0.3908
Epoch [240/300], train_loss: 0.3901
Epoch [241/300], train_loss: 0.3897
Epoch [242/300], train_loss: 0.3900
Epoch [243/300], train_loss: 0.3883
Epoch [244/300], train_loss: 0.3899
Epoch [245/300], train_loss: 0.3881
Epoch [246/300], train_loss: 0.3945
Epoch [247/300], train_loss: 0.3880
Epoch [248/300], train_loss: 0.3974
Epoch [249/300], train_loss: 0.3864
Epoch [250/300], train_loss: 0.3993
Epoch [251/300], train_loss: 0.3921
Epoch [252/300], train_loss: 0.3944
Epoch [253/300], train_loss: 0.3888
Epoch [254/300], train_loss: 0.3916
Epoch [255/300], train_loss: 0.4039
Epoch [256/300], train_loss: 0.3947
Epoch [257/300], train_loss: 0.3887
Epoch [258/300], train_loss: 0.3872
Epoch [259/300], train_loss: 0.3881
Epoch [260/300], train_loss: 0.3871
Epoch [261/300], train_loss: 0.3899
Epoch [262/300], train_loss: 0.4019
Epoch [263/300], train_loss: 0.3939
Epoch [264/300], train_loss: 0.3869
Epoch [265/300], train_loss: 0.3869
Epoch [266/300], train_loss: 0.3923
Epoch [267/300], train_loss: 0.3854
Epoch [268/300], train_loss: 0.3950
Epoch [269/300], train_loss: 0.3886
Epoch [270/300], train_loss: 0.4179
Epoch [271/300], train_loss: 0.3909
Epoch [272/300], train_loss: 0.3872
Epoch [273/300], train_loss: 0.3885
Epoch [274/300], train_loss: 0.3937
Epoch [275/300], train_loss: 0.3921
Epoch [276/300], train_loss: 0.3938
Epoch [277/300], train_loss: 0.3916
Epoch [278/300], train_loss: 0.3901
Epoch [279/300], train_loss: 0.3913
Epoch [280/300], train_loss: 0.3873
Epoch [281/300], train_loss: 0.3867
Epoch [282/300], train_loss: 0.3884
Epoch [283/300], train_loss: 0.3876
Epoch [284/300], train_loss: 0.3866
Epoch [285/300], train_loss: 0.3897
Epoch [286/300], train_loss: 0.3949
Epoch [287/300], train_loss: 0.3872
Epoch [288/300], train_loss: 0.3893
Epoch [289/300], train_loss: 0.4047
Epoch [290/300], train_loss: 0.3874
Epoch [291/300], train_loss: 0.3889
Epoch [292/300], train_loss: 0.3873
Epoch [293/300], train_loss: 0.3890
Epoch [294/300], train_loss: 0.3862
Epoch [295/300], train_loss: 0.3889
Epoch [296/300], train_loss: 0.3919
Epoch [297/300], train_loss: 0.3934
Epoch [298/300], train_loss: 0.3917
Epoch [299/300], train_loss: 0.3870
Epoch [300/300], train_loss: 0.3864
elapsed_time: 87.684s