(441, 841)
Training dataset: mobileinsight_benign_v3

================ K = 1 ==================

(352, 841)
epoch:0/0 |Loss: 0.008864490315318108
epoch:1/0 |Loss: 0.007091861218214035
epoch:2/0 |Loss: 0.005480619613081217
epoch:3/0 |Loss: 0.003104012692347169
epoch:4/0 |Loss: 0.002482100622728467
epoch:5/0 |Loss: 0.0028239015955477953
epoch:6/0 |Loss: 0.0024402455892413855
epoch:7/0 |Loss: 0.002458798699080944
epoch:8/0 |Loss: 0.002315655816346407
epoch:9/0 |Loss: 0.001914129126816988
epoch:10/0 |Loss: 0.00261353375390172
epoch:11/0 |Loss: 0.002011877251788974
epoch:12/0 |Loss: 0.0024078632704913616
epoch:13/0 |Loss: 0.002133970381692052
epoch:14/0 |Loss: 0.0020370311103761196
epoch:15/0 |Loss: 0.002149539766833186
epoch:16/0 |Loss: 0.002048344351351261
epoch:17/0 |Loss: 0.001971232471987605
epoch:18/0 |Loss: 0.0020632597152143717
epoch:19/0 |Loss: 0.0020269760861992836
epoch:20/0 |Loss: 0.0017050177557393909
epoch:21/0 |Loss: 0.0017197307897731662
epoch:22/0 |Loss: 0.0015828895848244429
epoch:23/0 |Loss: 0.0014484574785456061
epoch:24/0 |Loss: 0.0012702703243121505
epoch:25/0 |Loss: 0.0014913433697074652
epoch:26/0 |Loss: 0.0013136231573298573
epoch:27/0 |Loss: 0.001287143211811781
epoch:28/0 |Loss: 0.001011849264614284
epoch:29/0 |Loss: 0.0013040960766375065
epoch:30/0 |Loss: 0.0010244502918794751
epoch:31/0 |Loss: 0.001047133351676166
epoch:32/0 |Loss: 0.0011497269151732326
epoch:33/0 |Loss: 0.0010094967437908053
epoch:34/0 |Loss: 0.0011713702697306871
epoch:35/0 |Loss: 0.0008552477229386568
epoch:36/0 |Loss: 0.001117764157243073
epoch:37/0 |Loss: 0.0008564945892430842
epoch:38/0 |Loss: 0.0007135801715776324
epoch:39/0 |Loss: 0.00079674570588395
epoch:40/0 |Loss: 0.0009603301296010613
epoch:41/0 |Loss: 0.0011124375741928816
epoch:42/0 |Loss: 0.000925771426409483
epoch:43/0 |Loss: 0.0010089122224599123
epoch:44/0 |Loss: 0.0007813995471224189
epoch:45/0 |Loss: 0.0009096284047700465
epoch:46/0 |Loss: 0.0007231307681649923
epoch:47/0 |Loss: 0.0009597015450708568
epoch:48/0 |Loss: 0.0007207884336821735
epoch:49/0 |Loss: 0.0007510206778533757
epoch:50/0 |Loss: 0.0008602301240898669
epoch:51/0 |Loss: 0.0005286834202706814
epoch:52/0 |Loss: 0.0007537961355410516
epoch:53/0 |Loss: 0.0006971285329200327
epoch:54/0 |Loss: 0.0008413871983066201
epoch:55/0 |Loss: 0.0005394518957473338
epoch:56/0 |Loss: 0.0006672053132206202
epoch:57/0 |Loss: 0.0005386203993111849
epoch:58/0 |Loss: 0.0006134657887741923
epoch:59/0 |Loss: 0.0005585917388089001
epoch:60/0 |Loss: 0.0005768417031504214
epoch:61/0 |Loss: 0.0005815610638819635
epoch:62/0 |Loss: 0.0005212921532802284
epoch:63/0 |Loss: 0.0006086006760597229
epoch:64/0 |Loss: 0.0004921673098579049
epoch:65/0 |Loss: 0.0003866321058012545
epoch:66/0 |Loss: 0.000452622800366953
epoch:67/0 |Loss: 0.0004695443494711071
epoch:68/0 |Loss: 0.000406263250624761
epoch:69/0 |Loss: 0.0003071707033086568
epoch:70/0 |Loss: 0.00035447246045805514
epoch:71/0 |Loss: 0.0003238909994252026
epoch:72/0 |Loss: 0.00038092691102065146
epoch:73/0 |Loss: 0.0003559730830602348
epoch:74/0 |Loss: 0.0003720907843671739
epoch:75/0 |Loss: 0.00027404987486079335
epoch:76/0 |Loss: 0.0003814857918769121
epoch:77/0 |Loss: 0.00033294231980107725
epoch:78/0 |Loss: 0.0003353458596393466
epoch:79/0 |Loss: 0.0002904685970861465
epoch:80/0 |Loss: 0.00042388643487356603
epoch:81/0 |Loss: 0.0002691092377062887
epoch:82/0 |Loss: 0.00032646761974319816
epoch:83/0 |Loss: 0.00023057863290887326
epoch:84/0 |Loss: 0.00027624645736068487
epoch:85/0 |Loss: 0.0003256831842008978
epoch:86/0 |Loss: 0.0003038066497538239
epoch:87/0 |Loss: 0.00021928847127128392
epoch:88/0 |Loss: 0.00030709203565493226
epoch:89/0 |Loss: 0.0002943544532172382
epoch:90/0 |Loss: 0.00022533150331582874
epoch:91/0 |Loss: 0.0002609739312902093
epoch:92/0 |Loss: 0.0001867512328317389
epoch:93/0 |Loss: 0.0002827836142387241
epoch:94/0 |Loss: 0.000273254670901224
epoch:95/0 |Loss: 0.00021712011948693544
epoch:96/0 |Loss: 0.0002322301734238863
epoch:97/0 |Loss: 0.0002340612409170717
epoch:98/0 |Loss: 0.0002053683128906414
epoch:99/0 |Loss: 0.0002816560445353389
epoch:100/0 |Loss: 0.00022188488219399005
epoch:101/0 |Loss: 0.00012816506205126643
epoch:102/0 |Loss: 0.00024618583847768605
epoch:103/0 |Loss: 0.00024514488177374005
epoch:104/0 |Loss: 0.0002311521820956841
epoch:105/0 |Loss: 0.0002635352429933846
epoch:106/0 |Loss: 0.0001497846533311531
epoch:107/0 |Loss: 0.00017804767412599176
epoch:108/0 |Loss: 0.00018713845929596573
epoch:109/0 |Loss: 0.00023390899877995253
epoch:110/0 |Loss: 0.0002643163315951824
epoch:111/0 |Loss: 0.0001759404840413481
epoch:112/0 |Loss: 0.0001780168677214533
epoch:113/0 |Loss: 0.0002317078469786793
epoch:114/0 |Loss: 0.00015486867050640285
epoch:115/0 |Loss: 0.00017874196055345237
epoch:116/0 |Loss: 0.00018668574921321124
epoch:117/0 |Loss: 0.00013141029921825975
epoch:118/0 |Loss: 0.00022595500922761858
epoch:119/0 |Loss: 0.00023232806415762752
epoch:120/0 |Loss: 0.0001971958699868992
epoch:121/0 |Loss: 0.00020885189587716013
epoch:122/0 |Loss: 0.00022485210502054542
epoch:123/0 |Loss: 0.0002694886934477836
epoch:124/0 |Loss: 0.0001897952170111239
epoch:125/0 |Loss: 0.0001256356481462717
epoch:126/0 |Loss: 0.0001680680870776996
epoch:127/0 |Loss: 0.00015922836610116065
epoch:128/0 |Loss: 0.00014055156498216093
epoch:129/0 |Loss: 0.00022993795573711395
epoch:130/0 |Loss: 0.00017087544256355613
epoch:131/0 |Loss: 0.00020703786867670715
epoch:132/0 |Loss: 0.00018822781566996127
epoch:133/0 |Loss: 0.00023153993242885917
epoch:134/0 |Loss: 0.0001886022073449567
epoch:135/0 |Loss: 0.00014830443251412362
epoch:136/0 |Loss: 0.0002208160440204665
epoch:137/0 |Loss: 0.00022976778564043343
epoch:138/0 |Loss: 0.00012935735867358744
epoch:139/0 |Loss: 0.00015673624875489622
epoch:140/0 |Loss: 0.00020667009812314063
epoch:141/0 |Loss: 0.00017193991516251117
epoch:142/0 |Loss: 0.00013207753363531083
epoch:143/0 |Loss: 0.00011141919094370678
epoch:144/0 |Loss: 0.00014180039579514414
epoch:145/0 |Loss: 0.0001615520886844024
epoch:146/0 |Loss: 0.00013315437536220998
epoch:147/0 |Loss: 0.00012217584298923612
epoch:148/0 |Loss: 0.00016639320529066026
epoch:149/0 |Loss: 0.00016219106328208
epoch:150/0 |Loss: 0.00011328849359415472
epoch:151/0 |Loss: 0.00010500377538846806
epoch:152/0 |Loss: 0.00015753642946947366
epoch:153/0 |Loss: 0.0001541773381177336
epoch:154/0 |Loss: 0.00017774742445908487
epoch:155/0 |Loss: 0.0001702118752291426
epoch:156/0 |Loss: 0.00015096865536179394
epoch:157/0 |Loss: 0.00011148872727062553
epoch:158/0 |Loss: 0.00016268665785901248
epoch:159/0 |Loss: 0.0001335943234153092
epoch:160/0 |Loss: 0.00016396651335526258
epoch:161/0 |Loss: 0.00012213933223392814
epoch:162/0 |Loss: 0.00015005591558292508
epoch:163/0 |Loss: 0.00012434877862688154
epoch:164/0 |Loss: 0.00016671886260155588
epoch:165/0 |Loss: 0.00015033961972221732
epoch:166/0 |Loss: 0.00013606793072540313
epoch:167/0 |Loss: 7.047226245049387e-05
epoch:168/0 |Loss: 0.0001147283473983407
epoch:169/0 |Loss: 0.00011228481162106618
epoch:170/0 |Loss: 0.00011912190529983491
epoch:171/0 |Loss: 0.00013421477342490107
epoch:172/0 |Loss: 8.806120604276657e-05
epoch:173/0 |Loss: 0.00014125769666861743
epoch:174/0 |Loss: 0.00011455511412350461
epoch:175/0 |Loss: 0.00011641781020443887
epoch:176/0 |Loss: 0.0001402884954586625
epoch:177/0 |Loss: 0.00017112589557655156
epoch:178/0 |Loss: 0.0001171449912362732
epoch:179/0 |Loss: 0.00013884846703149378
epoch:180/0 |Loss: 8.289845573017374e-05
epoch:181/0 |Loss: 0.0001532661117380485
epoch:182/0 |Loss: 0.00010963703971356153
epoch:183/0 |Loss: 9.652897279011086e-05
epoch:184/0 |Loss: 7.733790698694065e-05
epoch:185/0 |Loss: 0.00015021309081930667
epoch:186/0 |Loss: 9.144895011559129e-05
epoch:187/0 |Loss: 9.651290747569874e-05
epoch:188/0 |Loss: 8.069922478171065e-05
epoch:189/0 |Loss: 7.851486589061096e-05
epoch:190/0 |Loss: 0.00011279172031208873
epoch:191/0 |Loss: 8.720411278773099e-05
epoch:192/0 |Loss: 6.502217729575932e-05
epoch:193/0 |Loss: 5.368721758713946e-05
epoch:194/0 |Loss: 9.019830758916214e-05
epoch:195/0 |Loss: 7.216705853352323e-05
epoch:196/0 |Loss: 6.968509842408821e-05
epoch:197/0 |Loss: 6.363061402225867e-05
epoch:198/0 |Loss: 8.128788613248616e-05
epoch:199/0 |Loss: 8.013049955479801e-05
max AD score 0.046284422
thres: 0.046284422
Dataset: mobileinsight_benign_v3	Accuracy: 0.988764
Dataset: phoenix_abnormal_v3	Accuracy: 0.940171
Dataset: 5g-spector_abnormal_v3	Accuracy: 0.933333
Dataset: 5g-spector_benign_v3	Accuracy: 1.000000

================ K = 2 ==================

(353, 841)
epoch:0/0 |Loss: 0.0050649638287723064
epoch:1/0 |Loss: 0.004224649164825678
epoch:2/0 |Loss: 0.0034517371095716953
epoch:3/0 |Loss: 0.002716486342251301
epoch:4/0 |Loss: 0.0020741568878293037
epoch:5/0 |Loss: 0.0019177424255758524
epoch:6/0 |Loss: 0.0020079377572983503
epoch:7/0 |Loss: 0.0019100261852145195
epoch:8/0 |Loss: 0.0018231874564662576
epoch:9/0 |Loss: 0.0016161984531208873
epoch:10/0 |Loss: 0.0016908721299842
epoch:11/0 |Loss: 0.0016667587915435433
epoch:12/0 |Loss: 0.001793726347386837
epoch:13/0 |Loss: 0.0016772132366895676
epoch:14/0 |Loss: 0.0016099236672744155
epoch:15/0 |Loss: 0.0015168501995503902
epoch:16/0 |Loss: 0.0016222767299041152
epoch:17/0 |Loss: 0.0014148991322144866
epoch:18/0 |Loss: 0.0013930394779890776
epoch:19/0 |Loss: 0.001017310074530542
epoch:20/0 |Loss: 0.0012710222508758307
epoch:21/0 |Loss: 0.0014490431640297174
epoch:22/0 |Loss: 0.00116496451664716
epoch:23/0 |Loss: 0.0013235152000561357
epoch:24/0 |Loss: 0.001285325619392097
epoch:25/0 |Loss: 0.0012799639953300357
epoch:26/0 |Loss: 0.0011500990949571133
epoch:27/0 |Loss: 0.0010507347760722041
epoch:28/0 |Loss: 0.0011826710542663932
epoch:29/0 |Loss: 0.0013231701450422406
epoch:30/0 |Loss: 0.001021590200252831
epoch:31/0 |Loss: 0.0010172371985390782
epoch:32/0 |Loss: 0.0009544104686938226
epoch:33/0 |Loss: 0.0009472444071434438
epoch:34/0 |Loss: 0.0009483032627031207
epoch:35/0 |Loss: 0.0007696714019402862
epoch:36/0 |Loss: 0.00100128713529557
epoch:37/0 |Loss: 0.0006920913001522422
epoch:38/0 |Loss: 0.000669652596116066
epoch:39/0 |Loss: 0.0006691138260066509
epoch:40/0 |Loss: 0.0007201746921055019
epoch:41/0 |Loss: 0.0005816930788569152
epoch:42/0 |Loss: 0.0006347890594042838
epoch:43/0 |Loss: 0.0007218933315016329
epoch:44/0 |Loss: 0.00048160849837586284
epoch:45/0 |Loss: 0.0005050088511779904
epoch:46/0 |Loss: 0.0005831450689584017
epoch:47/0 |Loss: 0.0005854126065969467
epoch:48/0 |Loss: 0.0004557972715701908
epoch:49/0 |Loss: 0.0004183452401775867
epoch:50/0 |Loss: 0.0003736771468538791
epoch:51/0 |Loss: 0.0004235747328493744
epoch:52/0 |Loss: 0.00042137206764891744
epoch:53/0 |Loss: 0.0005414600018411875
epoch:54/0 |Loss: 0.0004078208585269749
epoch:55/0 |Loss: 0.00044849980622529984
epoch:56/0 |Loss: 0.0004343515611253679
epoch:57/0 |Loss: 0.00044143071863800287
epoch:58/0 |Loss: 0.00037472235271707177
epoch:59/0 |Loss: 0.00039914302760735154
epoch:60/0 |Loss: 0.0004031888965982944
epoch:61/0 |Loss: 0.00035829111584462225
epoch:62/0 |Loss: 0.00031214935006573796
epoch:63/0 |Loss: 0.00038325850619003177
epoch:64/0 |Loss: 0.00024734565522521734
epoch:65/0 |Loss: 0.00027952034724876285
epoch:66/0 |Loss: 0.00033989411895163357
epoch:67/0 |Loss: 0.0002709411783143878
epoch:68/0 |Loss: 0.0003159049083478749
epoch:69/0 |Loss: 0.0002832521277014166
epoch:70/0 |Loss: 0.00019906193483620882
epoch:71/0 |Loss: 0.0002971692883875221
epoch:72/0 |Loss: 0.00020935657084919512
epoch:73/0 |Loss: 0.00025094146258197725
epoch:74/0 |Loss: 0.00025899478350766003
epoch:75/0 |Loss: 0.0001962321694009006
epoch:76/0 |Loss: 0.00020806783868465573
epoch:77/0 |Loss: 0.00022087238903623074
epoch:78/0 |Loss: 0.00022049687686376274
epoch:79/0 |Loss: 0.0002433357440168038
epoch:80/0 |Loss: 0.0001508440327597782
epoch:81/0 |Loss: 0.00026693669497035444
epoch:82/0 |Loss: 0.0002503777504898608
epoch:83/0 |Loss: 0.00018333218758925796
epoch:84/0 |Loss: 0.00018380658002570271
epoch:85/0 |Loss: 0.00012889514619018883
epoch:86/0 |Loss: 0.00020659952133428305
epoch:87/0 |Loss: 0.0001688413613010198
epoch:88/0 |Loss: 0.000158118738909252
epoch:89/0 |Loss: 0.0001516748161520809
epoch:90/0 |Loss: 0.0001554136397317052
epoch:91/0 |Loss: 0.00013377208961173892
epoch:92/0 |Loss: 0.00012377211533021182
epoch:93/0 |Loss: 0.00021255236060824245
epoch:94/0 |Loss: 0.0002347596309846267
epoch:95/0 |Loss: 0.00018037708650808781
epoch:96/0 |Loss: 0.0001436146121704951
epoch:97/0 |Loss: 0.00021269240824040025
epoch:98/0 |Loss: 0.0001620812399778515
epoch:99/0 |Loss: 0.0001872427819762379
epoch:100/0 |Loss: 0.00020278914598748088
epoch:101/0 |Loss: 0.00015891627117525786
epoch:102/0 |Loss: 0.00012045306357322261
epoch:103/0 |Loss: 0.00016000375035218894
epoch:104/0 |Loss: 0.00020929706806782633
epoch:105/0 |Loss: 0.00013170439342502505
epoch:106/0 |Loss: 0.00014805950922891498
epoch:107/0 |Loss: 0.00013457653403747827
epoch:108/0 |Loss: 0.00014612506492994726
epoch:109/0 |Loss: 0.00012403169239405543
epoch:110/0 |Loss: 0.0001848226966103539
epoch:111/0 |Loss: 0.0001329515071120113
epoch:112/0 |Loss: 0.0001261275028809905
epoch:113/0 |Loss: 0.00012254522880539298
epoch:114/0 |Loss: 0.000182541596586816
epoch:115/0 |Loss: 0.00012341828551143408
epoch:116/0 |Loss: 0.00014978389663156122
epoch:117/0 |Loss: 0.00015372235793620348
epoch:118/0 |Loss: 0.00016911870625335723
epoch:119/0 |Loss: 0.00014108807954471558
epoch:120/0 |Loss: 0.00012126064393669367
epoch:121/0 |Loss: 0.00017738042515702546
epoch:122/0 |Loss: 0.00010703680163715035
epoch:123/0 |Loss: 0.00019272412464488298
epoch:124/0 |Loss: 0.00011918086966034025
epoch:125/0 |Loss: 0.00017814087914302945
epoch:126/0 |Loss: 0.00010649261821527034
epoch:127/0 |Loss: 8.332829747814685e-05
epoch:128/0 |Loss: 0.00014957440725993365
epoch:129/0 |Loss: 7.47271697036922e-05
epoch:130/0 |Loss: 0.00013545644469559193
epoch:131/0 |Loss: 0.00010662695422070101
epoch:132/0 |Loss: 0.00012343675189185888
epoch:133/0 |Loss: 0.00015438010450452566
epoch:134/0 |Loss: 0.0001098633001674898
epoch:135/0 |Loss: 0.00012390220945235342
epoch:136/0 |Loss: 8.49590142024681e-05
epoch:137/0 |Loss: 4.782882024301216e-05
epoch:138/0 |Loss: 9.008005145005882e-05
epoch:139/0 |Loss: 0.00015034423267934471
epoch:140/0 |Loss: 0.00011217080464120954
epoch:141/0 |Loss: 0.00011826569971162826
epoch:142/0 |Loss: 6.209511775523424e-05
epoch:143/0 |Loss: 0.00011421414092183113
epoch:144/0 |Loss: 8.205540507333353e-05
epoch:145/0 |Loss: 9.514281555311754e-05
epoch:146/0 |Loss: 0.0001198265963466838
epoch:147/0 |Loss: 9.228036651620641e-05
epoch:148/0 |Loss: 0.00010325432958779857
epoch:149/0 |Loss: 8.92316602403298e-05
epoch:150/0 |Loss: 0.00011388937855372205
epoch:151/0 |Loss: 7.532270683441311e-05
epoch:152/0 |Loss: 8.655471174279228e-05
epoch:153/0 |Loss: 7.26481739548035e-05
epoch:154/0 |Loss: 0.00012066951603628695
epoch:155/0 |Loss: 0.0001546457060612738
epoch:156/0 |Loss: 0.00010144249245058745
epoch:157/0 |Loss: 9.953365952242166e-05
epoch:158/0 |Loss: 7.98984692664817e-05
epoch:159/0 |Loss: 9.082059841603041e-05
epoch:160/0 |Loss: 5.2035742555744946e-05
epoch:161/0 |Loss: 8.6481413745787e-05
epoch:162/0 |Loss: 8.861167589202523e-05
epoch:163/0 |Loss: 0.0001079479479813017
epoch:164/0 |Loss: 0.00011836704652523622
epoch:165/0 |Loss: 8.099705883068964e-05
epoch:166/0 |Loss: 0.00011584855383262038
epoch:167/0 |Loss: 9.89260443020612e-05
epoch:168/0 |Loss: 7.402254414046183e-05
epoch:169/0 |Loss: 0.00010570733866188675
epoch:170/0 |Loss: 6.883716559968889e-05
epoch:171/0 |Loss: 0.00013614597264677286
epoch:172/0 |Loss: 0.00010683769505703822
epoch:173/0 |Loss: 6.910209049237892e-05
epoch:174/0 |Loss: 8.44120149849914e-05
epoch:175/0 |Loss: 6.421298894565552e-05
epoch:176/0 |Loss: 9.059646254172549e-05
epoch:177/0 |Loss: 8.2555809058249e-05
epoch:178/0 |Loss: 8.57269114931114e-05
epoch:179/0 |Loss: 0.0001183901695185341
epoch:180/0 |Loss: 8.640641317469999e-05
epoch:181/0 |Loss: 5.883383710170165e-05
epoch:182/0 |Loss: 7.648229075130075e-05
epoch:183/0 |Loss: 6.0302270867396146e-05
epoch:184/0 |Loss: 9.259056969312951e-05
epoch:185/0 |Loss: 5.467704977490939e-05
epoch:186/0 |Loss: 4.472541331779212e-05
epoch:187/0 |Loss: 6.970123649807647e-05
epoch:188/0 |Loss: 8.559519483242184e-05
epoch:189/0 |Loss: 7.274679956026375e-05
epoch:190/0 |Loss: 7.089539576554671e-05
epoch:191/0 |Loss: 7.468702824553475e-05
epoch:192/0 |Loss: 5.0791008106898516e-05
epoch:193/0 |Loss: 4.8374455218436196e-05
epoch:194/0 |Loss: 5.1255483413115144e-05
epoch:195/0 |Loss: 7.254828960867599e-05
epoch:196/0 |Loss: 5.1400900701992214e-05
epoch:197/0 |Loss: 5.5476670240750536e-05
epoch:198/0 |Loss: 4.960090882377699e-05
epoch:199/0 |Loss: 5.774898090749048e-05
max AD score 0.041674346
thres: 0.041674346
Dataset: mobileinsight_benign_v3	Accuracy: 0.977273
Dataset: phoenix_abnormal_v3	Accuracy: 0.940171
Dataset: 5g-spector_abnormal_v3	Accuracy: 0.933333
Dataset: 5g-spector_benign_v3	Accuracy: 1.000000

================ K = 3 ==================

(353, 841)
epoch:0/0 |Loss: 0.006661638617515564
epoch:1/0 |Loss: 0.004804082214832306
epoch:2/0 |Loss: 0.004347740672528744
epoch:3/0 |Loss: 0.002902756677940488
epoch:4/0 |Loss: 0.002753747161477804
epoch:5/0 |Loss: 0.0023291450925171375
epoch:6/0 |Loss: 0.0018813557690009475
epoch:7/0 |Loss: 0.0022338000126183033
epoch:8/0 |Loss: 0.0023893332108855247
epoch:9/0 |Loss: 0.0020957021042704582
epoch:10/0 |Loss: 0.0019808970391750336
epoch:11/0 |Loss: 0.002382183214649558
epoch:12/0 |Loss: 0.001732895732857287
epoch:13/0 |Loss: 0.0020589970517903566
epoch:14/0 |Loss: 0.001847687759436667
epoch:15/0 |Loss: 0.0017096801893785596
epoch:16/0 |Loss: 0.0017982213757932186
epoch:17/0 |Loss: 0.001487935776822269
epoch:18/0 |Loss: 0.0019857953302562237
epoch:19/0 |Loss: 0.0021787865553051233
epoch:20/0 |Loss: 0.0017377998447045684
epoch:21/0 |Loss: 0.0018655508756637573
epoch:22/0 |Loss: 0.0016664975555613637
epoch:23/0 |Loss: 0.0016438928432762623
epoch:24/0 |Loss: 0.0016257945680990815
epoch:25/0 |Loss: 0.001381763955578208
epoch:26/0 |Loss: 0.0019338148413226008
epoch:27/0 |Loss: 0.001546150422655046
epoch:28/0 |Loss: 0.0012693755561485887
epoch:29/0 |Loss: 0.0015544507186859846
epoch:30/0 |Loss: 0.0014200065052136779
epoch:31/0 |Loss: 0.0012990321265533566
epoch:32/0 |Loss: 0.001298481016419828
epoch:33/0 |Loss: 0.0008470629109069705
epoch:34/0 |Loss: 0.001223900355398655
epoch:35/0 |Loss: 0.0011511982884258032
epoch:36/0 |Loss: 0.001345537486486137
epoch:37/0 |Loss: 0.0013889191905036569
epoch:38/0 |Loss: 0.0014594895765185356
epoch:39/0 |Loss: 0.00133498664945364
epoch:40/0 |Loss: 0.0011452322360128164
epoch:41/0 |Loss: 0.0013738768175244331
epoch:42/0 |Loss: 0.0008976740064099431
epoch:43/0 |Loss: 0.0007444739458151162
epoch:44/0 |Loss: 0.0007750336080789566
epoch:45/0 |Loss: 0.0005560916615650058
epoch:46/0 |Loss: 0.0006875583785586059
epoch:47/0 |Loss: 0.0005638087750412524
epoch:48/0 |Loss: 0.0006184325902722776
epoch:49/0 |Loss: 0.0004332443932071328
epoch:50/0 |Loss: 0.00038344087079167366
epoch:51/0 |Loss: 0.0004731612280011177
epoch:52/0 |Loss: 0.0003753596975002438
epoch:53/0 |Loss: 0.00038715978735126555
epoch:54/0 |Loss: 0.00027711704024113715
epoch:55/0 |Loss: 0.00035797833697870374
epoch:56/0 |Loss: 0.0003416822582948953
epoch:57/0 |Loss: 0.0003988343523815274
epoch:58/0 |Loss: 0.00030945020262151957
epoch:59/0 |Loss: 0.0002906972076743841
epoch:60/0 |Loss: 0.0003851266810670495
epoch:61/0 |Loss: 0.00025527653633616865
epoch:62/0 |Loss: 0.0003688894503284246
epoch:63/0 |Loss: 0.0003097450244240463
epoch:64/0 |Loss: 0.00028944481164216995
epoch:65/0 |Loss: 0.0002769213751889765
epoch:66/0 |Loss: 0.00019855843856930733
epoch:67/0 |Loss: 0.0003241781669203192
epoch:68/0 |Loss: 0.00028051636763848364
epoch:69/0 |Loss: 0.00026578278630040586
epoch:70/0 |Loss: 0.00023640342988073826
epoch:71/0 |Loss: 0.00020657105778809637
epoch:72/0 |Loss: 0.0003056196146644652
epoch:73/0 |Loss: 0.00027476827381178737
epoch:74/0 |Loss: 0.0003325292782392353
epoch:75/0 |Loss: 0.0003262371174059808
epoch:76/0 |Loss: 0.0002246459771413356
epoch:77/0 |Loss: 0.00034342712024226785
epoch:78/0 |Loss: 0.00028205596026964486
epoch:79/0 |Loss: 0.0002807420096360147
epoch:80/0 |Loss: 0.0002466782461851835
epoch:81/0 |Loss: 0.0002294456062372774
epoch:82/0 |Loss: 0.00022399255249183625
epoch:83/0 |Loss: 0.0002443573612254113
epoch:84/0 |Loss: 0.0002197368157794699
epoch:85/0 |Loss: 0.00023545839940197766
epoch:86/0 |Loss: 0.00025160543737001717
epoch:87/0 |Loss: 0.00022265345614869148
epoch:88/0 |Loss: 0.00021755284979008138
epoch:89/0 |Loss: 0.00024018775729928166
epoch:90/0 |Loss: 0.00030244217487052083
epoch:91/0 |Loss: 0.0002064098953269422
epoch:92/0 |Loss: 0.0001725493639241904
epoch:93/0 |Loss: 0.00023389054695144296
epoch:94/0 |Loss: 0.0001701348664937541
epoch:95/0 |Loss: 0.0002395822521066293
epoch:96/0 |Loss: 0.00018868337792810053
epoch:97/0 |Loss: 0.0002618609578348696
epoch:98/0 |Loss: 0.00017882947577163577
epoch:99/0 |Loss: 0.00020171130017843097
epoch:100/0 |Loss: 0.00014975437079556286
epoch:101/0 |Loss: 0.00011328416439937428
epoch:102/0 |Loss: 0.00017230161756742746
epoch:103/0 |Loss: 0.0001513956958660856
epoch:104/0 |Loss: 0.00016323498857673258
epoch:105/0 |Loss: 0.00018220081983599812
epoch:106/0 |Loss: 0.00015188091492746025
epoch:107/0 |Loss: 0.00014561705756932497
epoch:108/0 |Loss: 9.16050048545003e-05
epoch:109/0 |Loss: 0.00017087184824049473
epoch:110/0 |Loss: 0.00015566918591503054
epoch:111/0 |Loss: 0.000192557112313807
epoch:112/0 |Loss: 0.00011669265950331464
epoch:113/0 |Loss: 0.00015673402231186628
epoch:114/0 |Loss: 0.00015253698802553117
epoch:115/0 |Loss: 0.00010588419536361471
epoch:116/0 |Loss: 9.954574488801882e-05
epoch:117/0 |Loss: 0.0001310786756221205
epoch:118/0 |Loss: 0.0001197646270156838
epoch:119/0 |Loss: 0.00012450484791770577
epoch:120/0 |Loss: 0.00010447349632158875
epoch:121/0 |Loss: 0.00016420980682596564
epoch:122/0 |Loss: 8.769088162807748e-05
epoch:123/0 |Loss: 9.647208207752556e-05
epoch:124/0 |Loss: 0.00012406098539941013
epoch:125/0 |Loss: 0.00012827248428948224
epoch:126/0 |Loss: 9.0617140813265e-05
epoch:127/0 |Loss: 5.5452317610615864e-05
epoch:128/0 |Loss: 0.000123101519420743
epoch:129/0 |Loss: 9.806438902160153e-05
epoch:130/0 |Loss: 8.657635044073686e-05
epoch:131/0 |Loss: 9.26664870348759e-05
epoch:132/0 |Loss: 9.694124310044572e-05
epoch:133/0 |Loss: 0.00011799513595178723
epoch:134/0 |Loss: 8.905752474674955e-05
epoch:135/0 |Loss: 9.812220378080383e-05
epoch:136/0 |Loss: 8.841746603138745e-05
epoch:137/0 |Loss: 7.978505891514942e-05
epoch:138/0 |Loss: 0.00011874048504978418
epoch:139/0 |Loss: 0.0001332226675003767
epoch:140/0 |Loss: 0.00015383839490823448
epoch:141/0 |Loss: 0.00010771384404506534
epoch:142/0 |Loss: 0.00014721887419000268
epoch:143/0 |Loss: 0.00014930627366993576
epoch:144/0 |Loss: 0.00013423631025943905
epoch:145/0 |Loss: 9.574188879923895e-05
epoch:146/0 |Loss: 7.76717861299403e-05
epoch:147/0 |Loss: 0.0001284475001739338
epoch:148/0 |Loss: 0.00015371930203400552
epoch:149/0 |Loss: 0.00012574216816574335
epoch:150/0 |Loss: 6.776499503757805e-05
epoch:151/0 |Loss: 0.00010142308019567281
epoch:152/0 |Loss: 0.00011184511095052585
epoch:153/0 |Loss: 7.72468774812296e-05
epoch:154/0 |Loss: 9.483277972321957e-05
epoch:155/0 |Loss: 5.156218321644701e-05
epoch:156/0 |Loss: 7.27902224753052e-05
epoch:157/0 |Loss: 8.273649291368201e-05
epoch:158/0 |Loss: 6.0590627981582657e-05
epoch:159/0 |Loss: 8.719063043827191e-05
epoch:160/0 |Loss: 5.956234599580057e-05
epoch:161/0 |Loss: 5.540645361179486e-05
epoch:162/0 |Loss: 6.568306707777083e-05
epoch:163/0 |Loss: 7.496346370317042e-05
epoch:164/0 |Loss: 8.405320841120556e-05
epoch:165/0 |Loss: 8.924944995669648e-05
epoch:166/0 |Loss: 7.522739906562492e-05
epoch:167/0 |Loss: 4.9339701945427805e-05
epoch:168/0 |Loss: 7.095053297234699e-05
epoch:169/0 |Loss: 5.22565605933778e-05
epoch:170/0 |Loss: 7.963446114445105e-05
epoch:171/0 |Loss: 0.0001054215754265897
epoch:172/0 |Loss: 0.00010525063407840207
epoch:173/0 |Loss: 7.549519796157256e-05
epoch:174/0 |Loss: 7.96605963842012e-05
epoch:175/0 |Loss: 7.475930033251643e-05
epoch:176/0 |Loss: 8.44374590087682e-05
epoch:177/0 |Loss: 6.714852497680113e-05
epoch:178/0 |Loss: 8.31508295959793e-05
epoch:179/0 |Loss: 6.456477422034368e-05
epoch:180/0 |Loss: 8.953029464464635e-05
epoch:181/0 |Loss: 5.9511639847187325e-05
epoch:182/0 |Loss: 5.5124204664025456e-05
epoch:183/0 |Loss: 5.164608592167497e-05
epoch:184/0 |Loss: 4.504419121076353e-05
epoch:185/0 |Loss: 5.3055642638355494e-05
epoch:186/0 |Loss: 5.875705028302036e-05
epoch:187/0 |Loss: 4.857614476350136e-05
epoch:188/0 |Loss: 5.172766395844519e-05
epoch:189/0 |Loss: 4.995491326553747e-05
epoch:190/0 |Loss: 4.829779209103435e-05
epoch:191/0 |Loss: 6.247140845516697e-05
epoch:192/0 |Loss: 3.170123090967536e-05
epoch:193/0 |Loss: 2.747975850070361e-05
epoch:194/0 |Loss: 4.536370761343278e-05
epoch:195/0 |Loss: 4.88599507662002e-05
epoch:196/0 |Loss: 3.7291214539436623e-05
epoch:197/0 |Loss: 4.679027188103646e-05
epoch:198/0 |Loss: 4.332263779360801e-05
epoch:199/0 |Loss: 5.356115798349492e-05
max AD score 0.03000576
thres: 0.03000576
Dataset: mobileinsight_benign_v3	Accuracy: 0.977273
Dataset: phoenix_abnormal_v3	Accuracy: 0.940171
Dataset: 5g-spector_abnormal_v3	Accuracy: 1.000000
Dataset: 5g-spector_benign_v3	Accuracy: 0.000000

================ K = 4 ==================

(353, 841)
epoch:0/0 |Loss: 0.0067963129840791225
epoch:1/0 |Loss: 0.005289677530527115
epoch:2/0 |Loss: 0.004303717520087957
epoch:3/0 |Loss: 0.0026800185441970825
epoch:4/0 |Loss: 0.0023985232692211866
epoch:5/0 |Loss: 0.002096393844112754
epoch:6/0 |Loss: 0.0017063741106539965
epoch:7/0 |Loss: 0.001672533922828734
epoch:8/0 |Loss: 0.0016451238188892603
epoch:9/0 |Loss: 0.0015537908766418695
epoch:10/0 |Loss: 0.001450817915610969
epoch:11/0 |Loss: 0.0012660014908760786
epoch:12/0 |Loss: 0.0013920263154432178
epoch:13/0 |Loss: 0.001393888029269874
epoch:14/0 |Loss: 0.0015181958442553878
epoch:15/0 |Loss: 0.0012801912380382419
epoch:16/0 |Loss: 0.0015164327342063189
epoch:17/0 |Loss: 0.0011398064671084285
epoch:18/0 |Loss: 0.0013999417424201965
epoch:19/0 |Loss: 0.001258972566574812
epoch:20/0 |Loss: 0.0013213892234489322
epoch:21/0 |Loss: 0.0012844663579016924
epoch:22/0 |Loss: 0.0012339834356680512
epoch:23/0 |Loss: 0.0011207980569452047
epoch:24/0 |Loss: 0.0013133739121258259
epoch:25/0 |Loss: 0.0010763724567368627
epoch:26/0 |Loss: 0.0011221569729968905
epoch:27/0 |Loss: 0.0010923923691734672
epoch:28/0 |Loss: 0.0012670017313212156
epoch:29/0 |Loss: 0.0009854622185230255
epoch:30/0 |Loss: 0.0008374376920983195
epoch:31/0 |Loss: 0.0008742304635234177
epoch:32/0 |Loss: 0.0008983461884781718
epoch:33/0 |Loss: 0.0008149989880621433
epoch:34/0 |Loss: 0.0010550525039434433
epoch:35/0 |Loss: 0.0010012558195739985
epoch:36/0 |Loss: 0.0007583985570818186
epoch:37/0 |Loss: 0.000797526678070426
epoch:38/0 |Loss: 0.0008570161880925298
epoch:39/0 |Loss: 0.0007550003938376904
epoch:40/0 |Loss: 0.0007527596317231655
epoch:41/0 |Loss: 0.0007905428647063673
epoch:42/0 |Loss: 0.000502173148561269
epoch:43/0 |Loss: 0.0004441702039912343
epoch:44/0 |Loss: 0.000631280243396759
epoch:45/0 |Loss: 0.0005284125218167901
epoch:46/0 |Loss: 0.00039786731940694153
epoch:47/0 |Loss: 0.0005966741009615362
epoch:48/0 |Loss: 0.00047355558490380645
epoch:49/0 |Loss: 0.000539489381480962
epoch:50/0 |Loss: 0.0005963788717053831
epoch:51/0 |Loss: 0.00043192843440920115
epoch:52/0 |Loss: 0.0004052587610203773
epoch:53/0 |Loss: 0.00047459095367230475
epoch:54/0 |Loss: 0.0003117523156106472
epoch:55/0 |Loss: 0.00040505515062250197
epoch:56/0 |Loss: 0.00039090082282200456
epoch:57/0 |Loss: 0.00035243830643594265
epoch:58/0 |Loss: 0.00043890828965231776
epoch:59/0 |Loss: 0.0004359440063126385
epoch:60/0 |Loss: 0.00046758991084061563
epoch:61/0 |Loss: 0.00032266497146338224
epoch:62/0 |Loss: 0.00026578179677017033
epoch:63/0 |Loss: 0.00035430004936642945
epoch:64/0 |Loss: 0.00032828745315782726
epoch:65/0 |Loss: 0.00022984680254012346
epoch:66/0 |Loss: 0.0002860164677258581
epoch:67/0 |Loss: 0.00025091718998737633
epoch:68/0 |Loss: 0.0003282924008090049
epoch:69/0 |Loss: 0.000312619871692732
epoch:70/0 |Loss: 0.00040637588244862854
epoch:71/0 |Loss: 0.0002895127690862864
epoch:72/0 |Loss: 0.00026032503228634596
epoch:73/0 |Loss: 0.00020479867816902697
epoch:74/0 |Loss: 0.00036816144711337984
epoch:75/0 |Loss: 0.00017245954950340092
epoch:76/0 |Loss: 0.00028351458604447544
epoch:77/0 |Loss: 0.0002755677851382643
epoch:78/0 |Loss: 0.0002913700882345438
epoch:79/0 |Loss: 0.00025146306143142283
epoch:80/0 |Loss: 0.0003467212081886828
epoch:81/0 |Loss: 0.0003479135921224952
epoch:82/0 |Loss: 0.00029207876650616527
epoch:83/0 |Loss: 0.0004237480170559138
epoch:84/0 |Loss: 0.0002390773152001202
epoch:85/0 |Loss: 0.0003014163230545819
epoch:86/0 |Loss: 0.0002568680210970342
epoch:87/0 |Loss: 0.00029615554376505315
epoch:88/0 |Loss: 0.000294787430902943
epoch:89/0 |Loss: 0.0003380056004971266
epoch:90/0 |Loss: 0.00022304285084828734
epoch:91/0 |Loss: 0.0003836262330878526
epoch:92/0 |Loss: 0.00023048234288580716
epoch:93/0 |Loss: 0.00031712124473415315
epoch:94/0 |Loss: 0.0002953053335659206
epoch:95/0 |Loss: 0.00027523760218173265
epoch:96/0 |Loss: 0.00023690461239311844
epoch:97/0 |Loss: 0.00034517832682467997
epoch:98/0 |Loss: 0.0002879048988688737
epoch:99/0 |Loss: 0.00024116171698551625
epoch:100/0 |Loss: 0.0002470370091032237
epoch:101/0 |Loss: 0.0003686193667817861
epoch:102/0 |Loss: 0.0002123580634361133
epoch:103/0 |Loss: 0.00015647373220417649
epoch:104/0 |Loss: 0.0002728570543695241
epoch:105/0 |Loss: 0.0001833417045418173
epoch:106/0 |Loss: 0.00026047928258776665
epoch:107/0 |Loss: 0.0002401323727099225
epoch:108/0 |Loss: 0.00030505593167617917
epoch:109/0 |Loss: 0.0002140026626875624
epoch:110/0 |Loss: 0.00023819596390239894
epoch:111/0 |Loss: 0.00025614045443944633
epoch:112/0 |Loss: 0.0002929370093625039
epoch:113/0 |Loss: 0.0001760556478984654
epoch:114/0 |Loss: 0.0002243213530164212
epoch:115/0 |Loss: 0.00013613997725769877
epoch:116/0 |Loss: 0.00014388616546057165
epoch:117/0 |Loss: 0.00019154690380673856
epoch:118/0 |Loss: 0.00023416081967297941
epoch:119/0 |Loss: 0.00019658103701658547
epoch:120/0 |Loss: 0.00020026240963488817
epoch:121/0 |Loss: 0.0002447590813972056
epoch:122/0 |Loss: 0.0001730258809402585
epoch:123/0 |Loss: 0.00021530420053750277
epoch:124/0 |Loss: 0.00017429421131964773
epoch:125/0 |Loss: 0.0001892447762656957
epoch:126/0 |Loss: 0.00014729071699548513
epoch:127/0 |Loss: 0.00018252247537020594
epoch:128/0 |Loss: 0.00016962910012807697
epoch:129/0 |Loss: 0.0002322768559679389
epoch:130/0 |Loss: 0.00010150203161174431
epoch:131/0 |Loss: 0.00017010050942189991
epoch:132/0 |Loss: 0.0001376016589347273
epoch:133/0 |Loss: 0.00012702541425824165
epoch:134/0 |Loss: 0.00013243277498986572
epoch:135/0 |Loss: 0.00018384585564490408
epoch:136/0 |Loss: 0.00019643294217530638
epoch:137/0 |Loss: 0.00016386358765885234
epoch:138/0 |Loss: 0.00016663978749420494
epoch:139/0 |Loss: 0.00017613774980418384
epoch:140/0 |Loss: 0.00022437298321165144
epoch:141/0 |Loss: 0.00013892287097405642
epoch:142/0 |Loss: 7.814013224560767e-05
epoch:143/0 |Loss: 0.00019163412798661739
epoch:144/0 |Loss: 0.00012043661263305694
epoch:145/0 |Loss: 0.0001852039131335914
epoch:146/0 |Loss: 0.0001631179329706356
epoch:147/0 |Loss: 0.00011538171384017915
epoch:148/0 |Loss: 8.253162377513945e-05
epoch:149/0 |Loss: 0.00017118625692091882
epoch:150/0 |Loss: 0.00014039079542271793
epoch:151/0 |Loss: 0.00013191308244131505
epoch:152/0 |Loss: 0.0001463300723116845
epoch:153/0 |Loss: 0.00015097532013896853
epoch:154/0 |Loss: 0.00012325907300692052
epoch:155/0 |Loss: 0.00013849968672730029
epoch:156/0 |Loss: 0.00012051093654008582
epoch:157/0 |Loss: 0.00015369824541267008
epoch:158/0 |Loss: 0.00011769515549531206
epoch:159/0 |Loss: 8.71305528562516e-05
epoch:160/0 |Loss: 0.0001194515498355031
epoch:161/0 |Loss: 0.00013569829752668738
epoch:162/0 |Loss: 0.0001221690617967397
epoch:163/0 |Loss: 0.00016392637917306274
epoch:164/0 |Loss: 0.00011719127360265702
epoch:165/0 |Loss: 0.00015354195784311742
epoch:166/0 |Loss: 0.00010972591553581879
epoch:167/0 |Loss: 0.00013119085633661598
epoch:168/0 |Loss: 0.00016307317127939314
epoch:169/0 |Loss: 9.154831059277058e-05
epoch:170/0 |Loss: 0.0001702120789559558
epoch:171/0 |Loss: 8.763861114857718e-05
epoch:172/0 |Loss: 9.546141518512741e-05
epoch:173/0 |Loss: 0.00012718049401883036
epoch:174/0 |Loss: 8.263463678304106e-05
epoch:175/0 |Loss: 8.293726568808779e-05
epoch:176/0 |Loss: 0.00011940860713366419
epoch:177/0 |Loss: 9.80651966528967e-05
epoch:178/0 |Loss: 0.00011807815462816507
epoch:179/0 |Loss: 7.75162989157252e-05
epoch:180/0 |Loss: 0.00011486469156807289
epoch:181/0 |Loss: 0.00012671925651375204
epoch:182/0 |Loss: 9.517001308267936e-05
epoch:183/0 |Loss: 0.0001169366660178639
epoch:184/0 |Loss: 0.00010657735401764512
epoch:185/0 |Loss: 7.207560702227056e-05
epoch:186/0 |Loss: 8.822476956993341e-05
epoch:187/0 |Loss: 0.00010325546463718638
epoch:188/0 |Loss: 0.00012310082092881203
epoch:189/0 |Loss: 7.841124170226976e-05
epoch:190/0 |Loss: 0.00012483278987929225
epoch:191/0 |Loss: 8.881282701622695e-05
epoch:192/0 |Loss: 6.90392917022109e-05
epoch:193/0 |Loss: 8.719557808944955e-05
epoch:194/0 |Loss: 9.303967817686498e-05
epoch:195/0 |Loss: 5.2764407882932574e-05
epoch:196/0 |Loss: 9.784396388567984e-05
epoch:197/0 |Loss: 6.917518476257101e-05
epoch:198/0 |Loss: 5.7222841860493645e-05
epoch:199/0 |Loss: 7.051692955428734e-05
max AD score 0.047243908
thres: 0.047243908
Dataset: mobileinsight_benign_v3	Accuracy: 0.875000
Dataset: phoenix_abnormal_v3	Accuracy: 1.000000
Dataset: 5g-spector_abnormal_v3	Accuracy: 0.933333
Dataset: 5g-spector_benign_v3	Accuracy: 0.000000

================ K = 5 ==================

(353, 841)
epoch:0/0 |Loss: 0.006638820748776197
epoch:1/0 |Loss: 0.004805486183613539
epoch:2/0 |Loss: 0.004424409009516239
epoch:3/0 |Loss: 0.0030526421032845974
epoch:4/0 |Loss: 0.0025179425720125437
epoch:5/0 |Loss: 0.0025916181039065123
epoch:6/0 |Loss: 0.00206385413184762
epoch:7/0 |Loss: 0.001934091909788549
epoch:8/0 |Loss: 0.001963145798072219
epoch:9/0 |Loss: 0.001807837630622089
epoch:10/0 |Loss: 0.0019685220904648304
epoch:11/0 |Loss: 0.0018513868562877178
epoch:12/0 |Loss: 0.002058344194665551
epoch:13/0 |Loss: 0.0018604935612529516
epoch:14/0 |Loss: 0.0019310101633891463
epoch:15/0 |Loss: 0.0015795916551724076
epoch:16/0 |Loss: 0.0013428862439468503
epoch:17/0 |Loss: 0.001605464261956513
epoch:18/0 |Loss: 0.0011603852035477757
epoch:19/0 |Loss: 0.001466240850277245
epoch:20/0 |Loss: 0.0019159617368131876
epoch:21/0 |Loss: 0.0017875329358503222
epoch:22/0 |Loss: 0.0017588946502655745
epoch:23/0 |Loss: 0.0018262597732245922
epoch:24/0 |Loss: 0.001457724953070283
epoch:25/0 |Loss: 0.0015750812599435449
epoch:26/0 |Loss: 0.0014569427585229278
epoch:27/0 |Loss: 0.0017006117850542068
epoch:28/0 |Loss: 0.0013962979428470135
epoch:29/0 |Loss: 0.001397663843818009
epoch:30/0 |Loss: 0.0011637117713689804
epoch:31/0 |Loss: 0.0012230840511620045
epoch:32/0 |Loss: 0.001048491569235921
epoch:33/0 |Loss: 0.0012091064127162099
epoch:34/0 |Loss: 0.0008947738097049296
epoch:35/0 |Loss: 0.00121332670096308
epoch:36/0 |Loss: 0.0009009906789287925
epoch:37/0 |Loss: 0.0010369272204115987
epoch:38/0 |Loss: 0.0008302616770379245
epoch:39/0 |Loss: 0.0011996919056400657
epoch:40/0 |Loss: 0.0008817772031761706
epoch:41/0 |Loss: 0.0011050194734707475
epoch:42/0 |Loss: 0.0009414950618520379
epoch:43/0 |Loss: 0.0011378873605281115
epoch:44/0 |Loss: 0.0009412766085006297
epoch:45/0 |Loss: 0.0010659568943083286
epoch:46/0 |Loss: 0.0010217989329248667
epoch:47/0 |Loss: 0.0005786932306364179
epoch:48/0 |Loss: 0.0006836627726443112
epoch:49/0 |Loss: 0.0008158355485647917
epoch:50/0 |Loss: 0.0006398122641257942
epoch:51/0 |Loss: 0.0006091393297538161
epoch:52/0 |Loss: 0.0006322888075374067
epoch:53/0 |Loss: 0.0005437774816527963
epoch:54/0 |Loss: 0.0004961860249750316
epoch:55/0 |Loss: 0.0003739701642189175
epoch:56/0 |Loss: 0.0005408054566942155
epoch:57/0 |Loss: 0.0004551926685962826
epoch:58/0 |Loss: 0.0003610354906413704
epoch:59/0 |Loss: 0.00044947536662220955
epoch:60/0 |Loss: 0.00037418774445541203
epoch:61/0 |Loss: 0.0003112784761469811
epoch:62/0 |Loss: 0.0003589446423575282
epoch:63/0 |Loss: 0.0005039946991018951
epoch:64/0 |Loss: 0.00039737310726195574
epoch:65/0 |Loss: 0.0005017269868403673
epoch:66/0 |Loss: 0.00035909799044020474
epoch:67/0 |Loss: 0.00039518249104730785
epoch:68/0 |Loss: 0.000403412152081728
epoch:69/0 |Loss: 0.0004400690086185932
epoch:70/0 |Loss: 0.00041518043144606054
epoch:71/0 |Loss: 0.00045092010986991227
epoch:72/0 |Loss: 0.00043155625462532043
epoch:73/0 |Loss: 0.00041355728171765804
epoch:74/0 |Loss: 0.0004161626857239753
epoch:75/0 |Loss: 0.0003813759540207684
epoch:76/0 |Loss: 0.00030960325966589153
epoch:77/0 |Loss: 0.0003221402002964169
epoch:78/0 |Loss: 0.0003661522932816297
epoch:79/0 |Loss: 0.0002903033746406436
epoch:80/0 |Loss: 0.00038979112287051976
epoch:81/0 |Loss: 0.0005250467802397907
epoch:82/0 |Loss: 0.0004171916807536036
epoch:83/0 |Loss: 0.00027723354287445545
epoch:84/0 |Loss: 0.0003042361349798739
epoch:85/0 |Loss: 0.0003128165553789586
epoch:86/0 |Loss: 0.00039084357558749616
epoch:87/0 |Loss: 0.00019521376816555858
epoch:88/0 |Loss: 0.00033649991382844746
epoch:89/0 |Loss: 0.000327342189848423
epoch:90/0 |Loss: 0.0004801189643330872
epoch:91/0 |Loss: 0.0002764647942967713
epoch:92/0 |Loss: 0.0004098316130694002
epoch:93/0 |Loss: 0.0004230658523738384
epoch:94/0 |Loss: 0.0003380437265150249
epoch:95/0 |Loss: 0.0003077265282627195
epoch:96/0 |Loss: 0.0002437439252389595
epoch:97/0 |Loss: 0.0003176465106662363
epoch:98/0 |Loss: 0.000227691387408413
epoch:99/0 |Loss: 0.00031365157337859273
epoch:100/0 |Loss: 0.0002708035463001579
epoch:101/0 |Loss: 0.0003216933982912451
epoch:102/0 |Loss: 0.00031018079607747495
epoch:103/0 |Loss: 0.00031023871270008385
epoch:104/0 |Loss: 0.00032557931262999773
epoch:105/0 |Loss: 0.0002025192225119099
epoch:106/0 |Loss: 0.00024899354320950806
epoch:107/0 |Loss: 0.0003586291568353772
epoch:108/0 |Loss: 0.00021871701756026596
epoch:109/0 |Loss: 0.00035612218198366463
epoch:110/0 |Loss: 0.0003149097610730678
epoch:111/0 |Loss: 0.00032765784999355674
epoch:112/0 |Loss: 0.00038186460733413696
epoch:113/0 |Loss: 0.0002272826386615634
epoch:114/0 |Loss: 0.0002697939344216138
epoch:115/0 |Loss: 0.00028276603552512825
epoch:116/0 |Loss: 0.0002822117239702493
epoch:117/0 |Loss: 0.0002506582241039723
epoch:118/0 |Loss: 0.00030120147857815027
epoch:119/0 |Loss: 0.00020434030739124864
epoch:120/0 |Loss: 0.0002777315385174006
epoch:121/0 |Loss: 0.00025176239432767034
epoch:122/0 |Loss: 0.00018126331269741058
epoch:123/0 |Loss: 0.00017816887702792883
epoch:124/0 |Loss: 0.0002721469500102103
epoch:125/0 |Loss: 0.0002997979463543743
epoch:126/0 |Loss: 0.0001925533142639324
epoch:127/0 |Loss: 0.0002498250687494874
epoch:128/0 |Loss: 0.00023853084712754935
epoch:129/0 |Loss: 0.0003006827610079199
epoch:130/0 |Loss: 0.00017003978427965194
epoch:131/0 |Loss: 0.00013074638263788074
epoch:132/0 |Loss: 0.00021619269682560116
epoch:133/0 |Loss: 0.00020494313503149897
epoch:134/0 |Loss: 0.00022146965784486383
epoch:135/0 |Loss: 0.00013666793529409915
epoch:136/0 |Loss: 0.0001825239887693897
epoch:137/0 |Loss: 0.00018790467584040016
epoch:138/0 |Loss: 0.0001358877052552998
epoch:139/0 |Loss: 0.00016210938338190317
epoch:140/0 |Loss: 0.0001389210665365681
epoch:141/0 |Loss: 0.00015404284931719303
epoch:142/0 |Loss: 0.00011054411152144894
epoch:143/0 |Loss: 0.00011266622459515929
epoch:144/0 |Loss: 0.000160405455972068
epoch:145/0 |Loss: 0.00017946117441169918
epoch:146/0 |Loss: 0.00011691050895024091
epoch:147/0 |Loss: 0.00013386589125730097
epoch:148/0 |Loss: 9.755199425853789e-05
epoch:149/0 |Loss: 0.0001264724851353094
epoch:150/0 |Loss: 0.00016126238915603608
epoch:151/0 |Loss: 0.00010808688966790214
epoch:152/0 |Loss: 0.00011328667460475117
epoch:153/0 |Loss: 0.00011071105836890638
epoch:154/0 |Loss: 8.686303772265092e-05
epoch:155/0 |Loss: 0.0001113943726522848
epoch:156/0 |Loss: 0.0001671273203101009
epoch:157/0 |Loss: 0.000112702495243866
epoch:158/0 |Loss: 0.0001498008205089718
epoch:159/0 |Loss: 0.00012192707072244957
epoch:160/0 |Loss: 0.0001110393859562464
epoch:161/0 |Loss: 0.00015550195530522615
epoch:162/0 |Loss: 0.00010578868386801332
epoch:163/0 |Loss: 8.258980960818008e-05
epoch:164/0 |Loss: 9.958522423403338e-05
epoch:165/0 |Loss: 6.254504842218012e-05
epoch:166/0 |Loss: 0.00011242339678574353
epoch:167/0 |Loss: 0.00010609192395349964
epoch:168/0 |Loss: 0.00010138699872186407
epoch:169/0 |Loss: 8.651764801470563e-05
epoch:170/0 |Loss: 0.00011190601799171418
epoch:171/0 |Loss: 0.0001308806677116081
epoch:172/0 |Loss: 7.79522888478823e-05
epoch:173/0 |Loss: 0.00010080022184411064
epoch:174/0 |Loss: 0.00011105970770586282
epoch:175/0 |Loss: 0.00012905456242151558
epoch:176/0 |Loss: 0.00010271149221807718
epoch:177/0 |Loss: 0.00012559088645502925
epoch:178/0 |Loss: 0.00012110877287341282
epoch:179/0 |Loss: 0.0001358725130558014
epoch:180/0 |Loss: 0.00010789054067572579
epoch:181/0 |Loss: 9.725878044264391e-05
epoch:182/0 |Loss: 0.000104298691439908
epoch:183/0 |Loss: 6.732481415383518e-05
epoch:184/0 |Loss: 8.655936835566536e-05
epoch:185/0 |Loss: 8.318429172504693e-05
epoch:186/0 |Loss: 7.508895214414224e-05
epoch:187/0 |Loss: 7.456908497260883e-05
epoch:188/0 |Loss: 0.00011977800750173628
epoch:189/0 |Loss: 7.089045539032668e-05
epoch:190/0 |Loss: 9.347304148832336e-05
epoch:191/0 |Loss: 8.693121344549581e-05
epoch:192/0 |Loss: 0.00010518020280869678
epoch:193/0 |Loss: 0.00010965335968649015
epoch:194/0 |Loss: 0.00011991444625891745
epoch:195/0 |Loss: 0.00011878420627908781
epoch:196/0 |Loss: 8.630324737168849e-05
epoch:197/0 |Loss: 7.254324009409174e-05
epoch:198/0 |Loss: 8.76812482601963e-05
epoch:199/0 |Loss: 9.596181189408526e-05
max AD score 0.050270747
thres: 0.050270747
Dataset: mobileinsight_benign_v3	Accuracy: 0.977273
Dataset: phoenix_abnormal_v3	Accuracy: 0.940171
Dataset: 5g-spector_abnormal_v3	Accuracy: 0.933333
Dataset: 5g-spector_benign_v3	Accuracy: 1.000000
